0    [AWT-EventQueue-0] INFO  ca.sqlpower.architect.ArchitectUtils  - Log4J configured successfully
2750 [AWT-EventQueue-0] INFO  ca.sqlpower.sql.PlDotIni  - Beginning to read/merge new pl.ini data
2984 [AWT-EventQueue-0] INFO  ca.sqlpower.sql.PlDotIni  - Finished reading file.
3047 [AWT-EventQueue-0] INFO  ca.sqlpower.sql.PlDotIni  - Beginning to read/merge new pl.ini data
3219 [AWT-EventQueue-0] INFO  ca.sqlpower.sql.PlDotIni  - Finished reading file.
4703 [AWT-EventQueue-0] INFO  ca.sqlpower.architect.swingui.dbtree.DBTreeModel  - Changing a UUID. This should only be done during load.
4719 [AWT-EventQueue-0] INFO  ca.sqlpower.architect.swingui.dbtree.DBTreeModel  - Changing a UUID. This should only be done during load.
4719 [AWT-EventQueue-0] INFO  ca.sqlpower.architect.swingui.dbtree.DBTreeModel  - Changing a UUID. This should only be done during load.
4719 [AWT-EventQueue-0] INFO  ca.sqlpower.architect.swingui.dbtree.DBTreeModel  - Changing a UUID. This should only be done during load.
4734 [AWT-EventQueue-0] INFO  ca.sqlpower.architect.swingui.dbtree.DBTreeModel  - Changing a UUID. This should only be done during load.
4859 [AWT-EventQueue-0] INFO  ca.sqlpower.architect.swingui.PlayPenComponent  - TablePane: acciones_bursatiles (TABLE) is adding ca.sqlpower.architect.swingui.PlayPen[Play Pen,0,0,0x0,invalid,layout=java.awt.FlowLayout,alignmentX=0.0,alignmentY=0.0,border=,flags=9,maximumSize=,minimumSize=java.awt.Dimension[width=1,height=1],preferredSize=]
4859 [AWT-EventQueue-0] INFO  ca.sqlpower.architect.swingui.PlayPenComponent  - TablePane: acciones_categorias (TABLE) is adding ca.sqlpower.architect.swingui.PlayPen[Play Pen,0,0,0x0,invalid,layout=java.awt.FlowLayout,alignmentX=0.0,alignmentY=0.0,border=,flags=9,maximumSize=,minimumSize=java.awt.Dimension[width=1,height=1],preferredSize=]
4859 [AWT-EventQueue-0] INFO  ca.sqlpower.architect.swingui.PlayPenComponent  - TablePane: categorias (TABLE) is adding ca.sqlpower.architect.swingui.PlayPen[Play Pen,0,0,0x0,invalid,layout=java.awt.FlowLayout,alignmentX=0.0,alignmentY=0.0,border=,flags=9,maximumSize=,minimumSize=java.awt.Dimension[width=1,height=1],preferredSize=]
4859 [AWT-EventQueue-0] INFO  ca.sqlpower.architect.swingui.PlayPenComponent  - TablePane: registros_diarios_acciones (TABLE) is adding ca.sqlpower.architect.swingui.PlayPen[Play Pen,0,0,0x0,invalid,layout=java.awt.FlowLayout,alignmentX=0.0,alignmentY=0.0,border=,flags=9,maximumSize=,minimumSize=java.awt.Dimension[width=1,height=1],preferredSize=]
4875 [AWT-EventQueue-0] INFO  ca.sqlpower.architect.swingui.PlayPenComponent  - TablePane: variaciones_diarias (TABLE) is adding ca.sqlpower.architect.swingui.PlayPen[Play Pen,0,0,0x0,invalid,layout=java.awt.FlowLayout,alignmentX=0.0,alignmentY=0.0,border=,flags=9,maximumSize=,minimumSize=java.awt.Dimension[width=1,height=1],preferredSize=]
4875 [AWT-EventQueue-0] INFO  ca.sqlpower.architect.swingui.PlayPenComponent  - TablePane: detalles_acciones (TABLE) is adding ca.sqlpower.architect.swingui.PlayPen[Play Pen,0,0,0x0,invalid,layout=java.awt.FlowLayout,alignmentX=0.0,alignmentY=0.0,border=,flags=9,maximumSize=,minimumSize=java.awt.Dimension[width=1,height=1],preferredSize=]
4906 [AWT-EventQueue-0] INFO  ca.sqlpower.architect.swingui.PlayPenComponent  - Relationship: acciones_acciones_categorias_fk is adding ca.sqlpower.architect.swingui.PlayPen[Play Pen,0,0,0x0,invalid,layout=java.awt.FlowLayout,alignmentX=0.0,alignmentY=0.0,border=,flags=9,maximumSize=,minimumSize=java.awt.Dimension[width=1,height=1],preferredSize=]
4937 [AWT-EventQueue-0] INFO  ca.sqlpower.architect.swingui.PlayPenComponent  - Relationship: categorias_acciones_categorias_fk is adding ca.sqlpower.architect.swingui.PlayPen[Play Pen,0,0,0x0,invalid,layout=java.awt.FlowLayout,alignmentX=0.0,alignmentY=0.0,border=,flags=9,maximumSize=,minimumSize=java.awt.Dimension[width=1,height=1],preferredSize=]
4937 [AWT-EventQueue-0] INFO  ca.sqlpower.architect.swingui.PlayPenComponent  - Relationship: acciones_registros_diarios_acciones_fk is adding ca.sqlpower.architect.swingui.PlayPen[Play Pen,0,0,0x0,invalid,layout=java.awt.FlowLayout,alignmentX=0.0,alignmentY=0.0,border=,flags=9,maximumSize=,minimumSize=java.awt.Dimension[width=1,height=1],preferredSize=]
4937 [AWT-EventQueue-0] INFO  ca.sqlpower.architect.swingui.PlayPenComponent  - Relationship: registros_diarios_acciones_variaciones_diarias_fk is adding ca.sqlpower.architect.swingui.PlayPen[Play Pen,0,0,0x0,invalid,layout=java.awt.FlowLayout,alignmentX=0.0,alignmentY=0.0,border=,flags=9,maximumSize=,minimumSize=java.awt.Dimension[width=1,height=1],preferredSize=]
4953 [AWT-EventQueue-0] INFO  ca.sqlpower.architect.swingui.PlayPenComponent  - Relationship: acciones_detalles_acciones_relacion_fk is adding ca.sqlpower.architect.swingui.PlayPen[Play Pen,0,0,0x0,invalid,layout=java.awt.FlowLayout,alignmentX=0.0,alignmentY=0.0,border=,flags=9,maximumSize=,minimumSize=java.awt.Dimension[width=1,height=1],preferredSize=]
6016 [AWT-EventQueue-0] DEBUG ca.sqlpower.architect.swingui.TablePane  - Checking column id_accion_bursatil: INTEGER
6016 [AWT-EventQueue-0] DEBUG ca.sqlpower.architect.swingui.TablePane  - Checking column codigo_accion: VARCHAR(30)
6016 [AWT-EventQueue-0] DEBUG ca.sqlpower.architect.swingui.TablePane  - Checking column nombre_accion: VARCHAR(100)
6016 [AWT-EventQueue-0] DEBUG ca.sqlpower.architect.swingui.TablePane  - Checking column id_accion_bursatil: INTEGER
6016 [AWT-EventQueue-0] DEBUG ca.sqlpower.architect.swingui.TablePane  - Checking column id_categoria: INTEGER
6016 [AWT-EventQueue-0] DEBUG ca.sqlpower.architect.swingui.TablePane  - Checking column id_categoria: INTEGER
6016 [AWT-EventQueue-0] DEBUG ca.sqlpower.architect.swingui.TablePane  - Checking column nombre: VARCHAR(100)
6016 [AWT-EventQueue-0] DEBUG ca.sqlpower.architect.swingui.TablePane  - Checking column descripcion: VARCHAR(100)
6016 [AWT-EventQueue-0] DEBUG ca.sqlpower.architect.swingui.TablePane  - Checking column id_registro_diario_accion: INTEGER
6016 [AWT-EventQueue-0] DEBUG ca.sqlpower.architect.swingui.TablePane  - Checking column precio_apertura: FLOAT
6016 [AWT-EventQueue-0] DEBUG ca.sqlpower.architect.swingui.TablePane  - Checking column precio_cierre: FLOAT
6016 [AWT-EventQueue-0] DEBUG ca.sqlpower.architect.swingui.TablePane  - Checking column fecha: TIMESTAMP
6016 [AWT-EventQueue-0] DEBUG ca.sqlpower.architect.swingui.TablePane  - Checking column id_accion_bursatil: INTEGER
6016 [AWT-EventQueue-0] DEBUG ca.sqlpower.architect.swingui.TablePane  - Checking column id_variacion_diaria: INTEGER
6016 [AWT-EventQueue-0] DEBUG ca.sqlpower.architect.swingui.TablePane  - Checking column id_registro_diario_accion: INTEGER
6016 [AWT-EventQueue-0] DEBUG ca.sqlpower.architect.swingui.TablePane  - Checking column variacion: FLOAT
6016 [AWT-EventQueue-0] DEBUG ca.sqlpower.architect.swingui.TablePane  - Checking column id_detalle_accion: INTEGER
6016 [AWT-EventQueue-0] DEBUG ca.sqlpower.architect.swingui.TablePane  - Checking column nombre_compania: VARCHAR(100)
6016 [AWT-EventQueue-0] DEBUG ca.sqlpower.architect.swingui.TablePane  - Checking column descripcion_compania: VARCHAR(100)
6016 [AWT-EventQueue-0] DEBUG ca.sqlpower.architect.swingui.TablePane  - Checking column fecha_revision: TIMESTAMP
6016 [AWT-EventQueue-0] DEBUG ca.sqlpower.architect.swingui.TablePane  - Checking column id_accion_bursatil: INTEGER
77008672 [AWT-EventQueue-0] DEBUG ca.sqlpower.architect.swingui.TablePane  - Checking column id_accion_bursatil: INTEGER
77008687 [AWT-EventQueue-0] DEBUG ca.sqlpower.architect.swingui.TablePane  - Checking column codigo_accion: VARCHAR(30)
77008687 [AWT-EventQueue-0] DEBUG ca.sqlpower.architect.swingui.TablePane  - Checking column nombre_accion: VARCHAR(100)
77008687 [AWT-EventQueue-0] DEBUG ca.sqlpower.architect.swingui.TablePane  - Checking column id_accion_bursatil: INTEGER
77008687 [AWT-EventQueue-0] DEBUG ca.sqlpower.architect.swingui.TablePane  - Checking column id_categoria: INTEGER
77008687 [AWT-EventQueue-0] DEBUG ca.sqlpower.architect.swingui.TablePane  - Checking column id_categoria: INTEGER
77008687 [AWT-EventQueue-0] DEBUG ca.sqlpower.architect.swingui.TablePane  - Checking column nombre: VARCHAR(100)
77008687 [AWT-EventQueue-0] DEBUG ca.sqlpower.architect.swingui.TablePane  - Checking column descripcion: VARCHAR(100)
77008687 [AWT-EventQueue-0] DEBUG ca.sqlpower.architect.swingui.TablePane  - Checking column id_registro_diario_accion: INTEGER
77008687 [AWT-EventQueue-0] DEBUG ca.sqlpower.architect.swingui.TablePane  - Checking column precio_apertura: FLOAT
77008687 [AWT-EventQueue-0] DEBUG ca.sqlpower.architect.swingui.TablePane  - Checking column precio_cierre: FLOAT
77008687 [AWT-EventQueue-0] DEBUG ca.sqlpower.architect.swingui.TablePane  - Checking column fecha: TIMESTAMP
77008687 [AWT-EventQueue-0] DEBUG ca.sqlpower.architect.swingui.TablePane  - Checking column id_accion_bursatil: INTEGER
77008687 [AWT-EventQueue-0] DEBUG ca.sqlpower.architect.swingui.TablePane  - Checking column id_variacion_diaria: INTEGER
77008687 [AWT-EventQueue-0] DEBUG ca.sqlpower.architect.swingui.TablePane  - Checking column id_registro_diario_accion: INTEGER
77008687 [AWT-EventQueue-0] DEBUG ca.sqlpower.architect.swingui.TablePane  - Checking column variacion: FLOAT
77008687 [AWT-EventQueue-0] DEBUG ca.sqlpower.architect.swingui.TablePane  - Checking column id_detalle_accion: INTEGER
77008687 [AWT-EventQueue-0] DEBUG ca.sqlpower.architect.swingui.TablePane  - Checking column nombre_compania: VARCHAR(100)
77008687 [AWT-EventQueue-0] DEBUG ca.sqlpower.architect.swingui.TablePane  - Checking column descripcion_compania: VARCHAR(100)
77008687 [AWT-EventQueue-0] DEBUG ca.sqlpower.architect.swingui.TablePane  - Checking column fecha_revision: TIMESTAMP
77008687 [AWT-EventQueue-0] DEBUG ca.sqlpower.architect.swingui.TablePane  - Checking column id_accion_bursatil: INTEGER
208875359 [AWT-EventQueue-0] DEBUG ca.sqlpower.architect.swingui.TablePane  - Checking column id_accion_bursatil: INTEGER
208875375 [AWT-EventQueue-0] DEBUG ca.sqlpower.architect.swingui.TablePane  - Checking column codigo_accion: VARCHAR(30)
208875375 [AWT-EventQueue-0] DEBUG ca.sqlpower.architect.swingui.TablePane  - Checking column nombre_accion: VARCHAR(100)
208875406 [AWT-EventQueue-0] DEBUG ca.sqlpower.architect.swingui.TablePane  - Checking column id_accion_bursatil: INTEGER
208875406 [AWT-EventQueue-0] DEBUG ca.sqlpower.architect.swingui.TablePane  - Checking column id_categoria: INTEGER
208875406 [AWT-EventQueue-0] DEBUG ca.sqlpower.architect.swingui.TablePane  - Checking column id_categoria: INTEGER
208875406 [AWT-EventQueue-0] DEBUG ca.sqlpower.architect.swingui.TablePane  - Checking column nombre: VARCHAR(100)
208875422 [AWT-EventQueue-0] DEBUG ca.sqlpower.architect.swingui.TablePane  - Checking column descripcion: VARCHAR(100)
208875422 [AWT-EventQueue-0] DEBUG ca.sqlpower.architect.swingui.TablePane  - Checking column id_registro_diario_accion: INTEGER
208875437 [AWT-EventQueue-0] DEBUG ca.sqlpower.architect.swingui.TablePane  - Checking column precio_apertura: FLOAT
208875453 [AWT-EventQueue-0] DEBUG ca.sqlpower.architect.swingui.TablePane  - Checking column precio_cierre: FLOAT
208875469 [AWT-EventQueue-0] DEBUG ca.sqlpower.architect.swingui.TablePane  - Checking column fecha: TIMESTAMP
208875469 [AWT-EventQueue-0] DEBUG ca.sqlpower.architect.swingui.TablePane  - Checking column id_accion_bursatil: INTEGER
208875469 [AWT-EventQueue-0] DEBUG ca.sqlpower.architect.swingui.TablePane  - Checking column id_variacion_diaria: INTEGER
208875469 [AWT-EventQueue-0] DEBUG ca.sqlpower.architect.swingui.TablePane  - Checking column id_registro_diario_accion: INTEGER
208875469 [AWT-EventQueue-0] DEBUG ca.sqlpower.architect.swingui.TablePane  - Checking column variacion: FLOAT
208875469 [AWT-EventQueue-0] DEBUG ca.sqlpower.architect.swingui.TablePane  - Checking column id_detalle_accion: INTEGER
208875469 [AWT-EventQueue-0] DEBUG ca.sqlpower.architect.swingui.TablePane  - Checking column nombre_compania: VARCHAR(100)
208875469 [AWT-EventQueue-0] DEBUG ca.sqlpower.architect.swingui.TablePane  - Checking column descripcion_compania: VARCHAR(100)
208875469 [AWT-EventQueue-0] DEBUG ca.sqlpower.architect.swingui.TablePane  - Checking column fecha_revision: TIMESTAMP
208875531 [AWT-EventQueue-0] DEBUG ca.sqlpower.architect.swingui.TablePane  - Checking column id_accion_bursatil: INTEGER
0    [AWT-EventQueue-0] INFO  ca.sqlpower.architect.ArchitectUtils  - Log4J configured successfully
3734 [AWT-EventQueue-0] INFO  ca.sqlpower.sql.PlDotIni  - Beginning to read/merge new pl.ini data
4093 [AWT-EventQueue-0] INFO  ca.sqlpower.sql.PlDotIni  - Finished reading file.
4187 [AWT-EventQueue-0] INFO  ca.sqlpower.sql.PlDotIni  - Beginning to read/merge new pl.ini data
4359 [AWT-EventQueue-0] INFO  ca.sqlpower.sql.PlDotIni  - Finished reading file.
6953 [AWT-EventQueue-0] INFO  ca.sqlpower.architect.swingui.dbtree.DBTreeModel  - Changing a UUID. This should only be done during load.
6968 [AWT-EventQueue-0] INFO  ca.sqlpower.architect.swingui.dbtree.DBTreeModel  - Changing a UUID. This should only be done during load.
6968 [AWT-EventQueue-0] INFO  ca.sqlpower.architect.swingui.dbtree.DBTreeModel  - Changing a UUID. This should only be done during load.
6984 [AWT-EventQueue-0] INFO  ca.sqlpower.architect.swingui.dbtree.DBTreeModel  - Changing a UUID. This should only be done during load.
6984 [AWT-EventQueue-0] INFO  ca.sqlpower.architect.swingui.dbtree.DBTreeModel  - Changing a UUID. This should only be done during load.
7125 [AWT-EventQueue-0] INFO  ca.sqlpower.architect.swingui.PlayPenComponent  - TablePane: acciones_bursatiles (TABLE) is adding ca.sqlpower.architect.swingui.PlayPen[Play Pen,0,0,0x0,invalid,layout=java.awt.FlowLayout,alignmentX=0.0,alignmentY=0.0,border=,flags=9,maximumSize=,minimumSize=java.awt.Dimension[width=1,height=1],preferredSize=]
7125 [AWT-EventQueue-0] INFO  ca.sqlpower.architect.swingui.PlayPenComponent  - TablePane: acciones_categorias (TABLE) is adding ca.sqlpower.architect.swingui.PlayPen[Play Pen,0,0,0x0,invalid,layout=java.awt.FlowLayout,alignmentX=0.0,alignmentY=0.0,border=,flags=9,maximumSize=,minimumSize=java.awt.Dimension[width=1,height=1],preferredSize=]
7125 [AWT-EventQueue-0] INFO  ca.sqlpower.architect.swingui.PlayPenComponent  - TablePane: categorias (TABLE) is adding ca.sqlpower.architect.swingui.PlayPen[Play Pen,0,0,0x0,invalid,layout=java.awt.FlowLayout,alignmentX=0.0,alignmentY=0.0,border=,flags=9,maximumSize=,minimumSize=java.awt.Dimension[width=1,height=1],preferredSize=]
7125 [AWT-EventQueue-0] INFO  ca.sqlpower.architect.swingui.PlayPenComponent  - TablePane: registros_diarios_acciones (TABLE) is adding ca.sqlpower.architect.swingui.PlayPen[Play Pen,0,0,0x0,invalid,layout=java.awt.FlowLayout,alignmentX=0.0,alignmentY=0.0,border=,flags=9,maximumSize=,minimumSize=java.awt.Dimension[width=1,height=1],preferredSize=]
7125 [AWT-EventQueue-0] INFO  ca.sqlpower.architect.swingui.PlayPenComponent  - TablePane: variaciones_diarias (TABLE) is adding ca.sqlpower.architect.swingui.PlayPen[Play Pen,0,0,0x0,invalid,layout=java.awt.FlowLayout,alignmentX=0.0,alignmentY=0.0,border=,flags=9,maximumSize=,minimumSize=java.awt.Dimension[width=1,height=1],preferredSize=]
7125 [AWT-EventQueue-0] INFO  ca.sqlpower.architect.swingui.PlayPenComponent  - TablePane: detalles_acciones (TABLE) is adding ca.sqlpower.architect.swingui.PlayPen[Play Pen,0,0,0x0,invalid,layout=java.awt.FlowLayout,alignmentX=0.0,alignmentY=0.0,border=,flags=9,maximumSize=,minimumSize=java.awt.Dimension[width=1,height=1],preferredSize=]
7172 [AWT-EventQueue-0] INFO  ca.sqlpower.architect.swingui.PlayPenComponent  - Relationship: acciones_acciones_categorias_fk is adding ca.sqlpower.architect.swingui.PlayPen[Play Pen,0,0,0x0,invalid,layout=java.awt.FlowLayout,alignmentX=0.0,alignmentY=0.0,border=,flags=9,maximumSize=,minimumSize=java.awt.Dimension[width=1,height=1],preferredSize=]
7187 [AWT-EventQueue-0] INFO  ca.sqlpower.architect.swingui.PlayPenComponent  - Relationship: categorias_acciones_categorias_fk is adding ca.sqlpower.architect.swingui.PlayPen[Play Pen,0,0,0x0,invalid,layout=java.awt.FlowLayout,alignmentX=0.0,alignmentY=0.0,border=,flags=9,maximumSize=,minimumSize=java.awt.Dimension[width=1,height=1],preferredSize=]
7187 [AWT-EventQueue-0] INFO  ca.sqlpower.architect.swingui.PlayPenComponent  - Relationship: acciones_registros_diarios_acciones_fk is adding ca.sqlpower.architect.swingui.PlayPen[Play Pen,0,0,0x0,invalid,layout=java.awt.FlowLayout,alignmentX=0.0,alignmentY=0.0,border=,flags=9,maximumSize=,minimumSize=java.awt.Dimension[width=1,height=1],preferredSize=]
7203 [AWT-EventQueue-0] INFO  ca.sqlpower.architect.swingui.PlayPenComponent  - Relationship: registros_diarios_acciones_variaciones_diarias_fk is adding ca.sqlpower.architect.swingui.PlayPen[Play Pen,0,0,0x0,invalid,layout=java.awt.FlowLayout,alignmentX=0.0,alignmentY=0.0,border=,flags=9,maximumSize=,minimumSize=java.awt.Dimension[width=1,height=1],preferredSize=]
7203 [AWT-EventQueue-0] INFO  ca.sqlpower.architect.swingui.PlayPenComponent  - Relationship: acciones_detalles_acciones_relacion_fk is adding ca.sqlpower.architect.swingui.PlayPen[Play Pen,0,0,0x0,invalid,layout=java.awt.FlowLayout,alignmentX=0.0,alignmentY=0.0,border=,flags=9,maximumSize=,minimumSize=java.awt.Dimension[width=1,height=1],preferredSize=]
8797 [AWT-EventQueue-0] DEBUG ca.sqlpower.architect.swingui.TablePane  - Checking column id_accion_bursatil: INTEGER
8797 [AWT-EventQueue-0] DEBUG ca.sqlpower.architect.swingui.TablePane  - Checking column codigo_accion: VARCHAR(30)
8797 [AWT-EventQueue-0] DEBUG ca.sqlpower.architect.swingui.TablePane  - Checking column nombre_accion: VARCHAR(100)
8797 [AWT-EventQueue-0] DEBUG ca.sqlpower.architect.swingui.TablePane  - Checking column id_accion_bursatil: INTEGER
8797 [AWT-EventQueue-0] DEBUG ca.sqlpower.architect.swingui.TablePane  - Checking column id_categoria: INTEGER
8797 [AWT-EventQueue-0] DEBUG ca.sqlpower.architect.swingui.TablePane  - Checking column id_categoria: INTEGER
8797 [AWT-EventQueue-0] DEBUG ca.sqlpower.architect.swingui.TablePane  - Checking column nombre: VARCHAR(100)
8797 [AWT-EventQueue-0] DEBUG ca.sqlpower.architect.swingui.TablePane  - Checking column descripcion: VARCHAR(100)
8797 [AWT-EventQueue-0] DEBUG ca.sqlpower.architect.swingui.TablePane  - Checking column id_registro_diario_accion: INTEGER
8797 [AWT-EventQueue-0] DEBUG ca.sqlpower.architect.swingui.TablePane  - Checking column precio_apertura: FLOAT
8797 [AWT-EventQueue-0] DEBUG ca.sqlpower.architect.swingui.TablePane  - Checking column precio_cierre: FLOAT
8797 [AWT-EventQueue-0] DEBUG ca.sqlpower.architect.swingui.TablePane  - Checking column fecha: TIMESTAMP
8797 [AWT-EventQueue-0] DEBUG ca.sqlpower.architect.swingui.TablePane  - Checking column id_accion_bursatil: INTEGER
8797 [AWT-EventQueue-0] DEBUG ca.sqlpower.architect.swingui.TablePane  - Checking column id_variacion_diaria: INTEGER
8797 [AWT-EventQueue-0] DEBUG ca.sqlpower.architect.swingui.TablePane  - Checking column id_registro_diario_accion: INTEGER
8797 [AWT-EventQueue-0] DEBUG ca.sqlpower.architect.swingui.TablePane  - Checking column variacion: FLOAT
8797 [AWT-EventQueue-0] DEBUG ca.sqlpower.architect.swingui.TablePane  - Checking column id_detalle_accion: INTEGER
8797 [AWT-EventQueue-0] DEBUG ca.sqlpower.architect.swingui.TablePane  - Checking column nombre_compania: VARCHAR(100)
8797 [AWT-EventQueue-0] DEBUG ca.sqlpower.architect.swingui.TablePane  - Checking column descripcion_compania: VARCHAR(100)
8797 [AWT-EventQueue-0] DEBUG ca.sqlpower.architect.swingui.TablePane  - Checking column fecha_revision: TIMESTAMP
8797 [AWT-EventQueue-0] DEBUG ca.sqlpower.architect.swingui.TablePane  - Checking column id_accion_bursatil: INTEGER
8859 [AWT-EventQueue-0] DEBUG ca.sqlpower.architect.swingui.TablePane  - Checking column id_accion_bursatil: INTEGER
8875 [AWT-EventQueue-0] DEBUG ca.sqlpower.architect.swingui.TablePane  - Checking column codigo_accion: VARCHAR(30)
8875 [AWT-EventQueue-0] DEBUG ca.sqlpower.architect.swingui.TablePane  - Checking column nombre_accion: VARCHAR(100)
8875 [AWT-EventQueue-0] DEBUG ca.sqlpower.architect.swingui.TablePane  - Checking column id_accion_bursatil: INTEGER
8875 [AWT-EventQueue-0] DEBUG ca.sqlpower.architect.swingui.TablePane  - Checking column id_categoria: INTEGER
8875 [AWT-EventQueue-0] DEBUG ca.sqlpower.architect.swingui.TablePane  - Checking column id_categoria: INTEGER
8875 [AWT-EventQueue-0] DEBUG ca.sqlpower.architect.swingui.TablePane  - Checking column nombre: VARCHAR(100)
8875 [AWT-EventQueue-0] DEBUG ca.sqlpower.architect.swingui.TablePane  - Checking column descripcion: VARCHAR(100)
8875 [AWT-EventQueue-0] DEBUG ca.sqlpower.architect.swingui.TablePane  - Checking column id_registro_diario_accion: INTEGER
8875 [AWT-EventQueue-0] DEBUG ca.sqlpower.architect.swingui.TablePane  - Checking column precio_apertura: FLOAT
8875 [AWT-EventQueue-0] DEBUG ca.sqlpower.architect.swingui.TablePane  - Checking column precio_cierre: FLOAT
8875 [AWT-EventQueue-0] DEBUG ca.sqlpower.architect.swingui.TablePane  - Checking column fecha: TIMESTAMP
8875 [AWT-EventQueue-0] DEBUG ca.sqlpower.architect.swingui.TablePane  - Checking column id_accion_bursatil: INTEGER
8875 [AWT-EventQueue-0] DEBUG ca.sqlpower.architect.swingui.TablePane  - Checking column id_variacion_diaria: INTEGER
8875 [AWT-EventQueue-0] DEBUG ca.sqlpower.architect.swingui.TablePane  - Checking column id_registro_diario_accion: INTEGER
8875 [AWT-EventQueue-0] DEBUG ca.sqlpower.architect.swingui.TablePane  - Checking column variacion: FLOAT
8875 [AWT-EventQueue-0] DEBUG ca.sqlpower.architect.swingui.TablePane  - Checking column id_detalle_accion: INTEGER
8875 [AWT-EventQueue-0] DEBUG ca.sqlpower.architect.swingui.TablePane  - Checking column nombre_compania: VARCHAR(100)
8875 [AWT-EventQueue-0] DEBUG ca.sqlpower.architect.swingui.TablePane  - Checking column descripcion_compania: VARCHAR(100)
8875 [AWT-EventQueue-0] DEBUG ca.sqlpower.architect.swingui.TablePane  - Checking column fecha_revision: TIMESTAMP
8875 [AWT-EventQueue-0] DEBUG ca.sqlpower.architect.swingui.TablePane  - Checking column id_accion_bursatil: INTEGER
96203 [AWT-EventQueue-0] DEBUG ca.sqlpower.architect.swingui.TablePane  - Checking column id_accion_bursatil: INTEGER
96203 [AWT-EventQueue-0] DEBUG ca.sqlpower.architect.swingui.TablePane  - Checking column codigo_accion: VARCHAR(30)
96203 [AWT-EventQueue-0] DEBUG ca.sqlpower.architect.swingui.TablePane  - Checking column nombre_accion: VARCHAR(100)
96203 [AWT-EventQueue-0] DEBUG ca.sqlpower.architect.swingui.TablePane  - Checking column id_accion_bursatil: INTEGER
96203 [AWT-EventQueue-0] DEBUG ca.sqlpower.architect.swingui.TablePane  - Checking column id_categoria: INTEGER
96203 [AWT-EventQueue-0] DEBUG ca.sqlpower.architect.swingui.TablePane  - Checking column id_categoria: INTEGER
96203 [AWT-EventQueue-0] DEBUG ca.sqlpower.architect.swingui.TablePane  - Checking column nombre: VARCHAR(100)
96203 [AWT-EventQueue-0] DEBUG ca.sqlpower.architect.swingui.TablePane  - Checking column descripcion: VARCHAR(100)
96203 [AWT-EventQueue-0] DEBUG ca.sqlpower.architect.swingui.TablePane  - Checking column id_registro_diario_accion: INTEGER
96203 [AWT-EventQueue-0] DEBUG ca.sqlpower.architect.swingui.TablePane  - Checking column precio_apertura: FLOAT
96203 [AWT-EventQueue-0] DEBUG ca.sqlpower.architect.swingui.TablePane  - Checking column precio_cierre: FLOAT
96218 [AWT-EventQueue-0] DEBUG ca.sqlpower.architect.swingui.TablePane  - Checking column fecha: TIMESTAMP
96218 [AWT-EventQueue-0] DEBUG ca.sqlpower.architect.swingui.TablePane  - Checking column id_accion_bursatil: INTEGER
96218 [AWT-EventQueue-0] DEBUG ca.sqlpower.architect.swingui.TablePane  - Checking column id_variacion_diaria: INTEGER
96218 [AWT-EventQueue-0] DEBUG ca.sqlpower.architect.swingui.TablePane  - Checking column id_registro_diario_accion: INTEGER
96218 [AWT-EventQueue-0] DEBUG ca.sqlpower.architect.swingui.TablePane  - Checking column variacion: FLOAT
96218 [AWT-EventQueue-0] DEBUG ca.sqlpower.architect.swingui.TablePane  - Checking column id_detalle_accion: INTEGER
96218 [AWT-EventQueue-0] DEBUG ca.sqlpower.architect.swingui.TablePane  - Checking column nombre_compania: VARCHAR(100)
96218 [AWT-EventQueue-0] DEBUG ca.sqlpower.architect.swingui.TablePane  - Checking column descripcion_compania: VARCHAR(100)
96218 [AWT-EventQueue-0] DEBUG ca.sqlpower.architect.swingui.TablePane  - Checking column fecha_revision: TIMESTAMP
96218 [AWT-EventQueue-0] DEBUG ca.sqlpower.architect.swingui.TablePane  - Checking column id_accion_bursatil: INTEGER
96250 [AWT-EventQueue-0] DEBUG ca.sqlpower.architect.swingui.TablePane  - Checking column id_accion_bursatil: INTEGER
96250 [AWT-EventQueue-0] DEBUG ca.sqlpower.architect.swingui.TablePane  - Checking column codigo_accion: VARCHAR(30)
96250 [AWT-EventQueue-0] DEBUG ca.sqlpower.architect.swingui.TablePane  - Checking column nombre_accion: VARCHAR(100)
96250 [AWT-EventQueue-0] DEBUG ca.sqlpower.architect.swingui.TablePane  - Checking column id_accion_bursatil: INTEGER
96250 [AWT-EventQueue-0] DEBUG ca.sqlpower.architect.swingui.TablePane  - Checking column id_categoria: INTEGER
96250 [AWT-EventQueue-0] DEBUG ca.sqlpower.architect.swingui.TablePane  - Checking column id_categoria: INTEGER
96250 [AWT-EventQueue-0] DEBUG ca.sqlpower.architect.swingui.TablePane  - Checking column nombre: VARCHAR(100)
96250 [AWT-EventQueue-0] DEBUG ca.sqlpower.architect.swingui.TablePane  - Checking column descripcion: VARCHAR(100)
96250 [AWT-EventQueue-0] DEBUG ca.sqlpower.architect.swingui.TablePane  - Checking column id_registro_diario_accion: INTEGER
96250 [AWT-EventQueue-0] DEBUG ca.sqlpower.architect.swingui.TablePane  - Checking column precio_apertura: FLOAT
96250 [AWT-EventQueue-0] DEBUG ca.sqlpower.architect.swingui.TablePane  - Checking column precio_cierre: FLOAT
96250 [AWT-EventQueue-0] DEBUG ca.sqlpower.architect.swingui.TablePane  - Checking column fecha: TIMESTAMP
96250 [AWT-EventQueue-0] DEBUG ca.sqlpower.architect.swingui.TablePane  - Checking column id_accion_bursatil: INTEGER
96250 [AWT-EventQueue-0] DEBUG ca.sqlpower.architect.swingui.TablePane  - Checking column id_variacion_diaria: INTEGER
96250 [AWT-EventQueue-0] DEBUG ca.sqlpower.architect.swingui.TablePane  - Checking column id_registro_diario_accion: INTEGER
96250 [AWT-EventQueue-0] DEBUG ca.sqlpower.architect.swingui.TablePane  - Checking column variacion: FLOAT
96250 [AWT-EventQueue-0] DEBUG ca.sqlpower.architect.swingui.TablePane  - Checking column id_detalle_accion: INTEGER
96250 [AWT-EventQueue-0] DEBUG ca.sqlpower.architect.swingui.TablePane  - Checking column nombre_compania: VARCHAR(100)
96250 [AWT-EventQueue-0] DEBUG ca.sqlpower.architect.swingui.TablePane  - Checking column descripcion_compania: VARCHAR(100)
96250 [AWT-EventQueue-0] DEBUG ca.sqlpower.architect.swingui.TablePane  - Checking column fecha_revision: TIMESTAMP
96250 [AWT-EventQueue-0] DEBUG ca.sqlpower.architect.swingui.TablePane  - Checking column id_accion_bursatil: INTEGER
98172 [AWT-EventQueue-0] DEBUG ca.sqlpower.architect.swingui.TablePane  - Checking column id_accion_bursatil: INTEGER
98172 [AWT-EventQueue-0] DEBUG ca.sqlpower.architect.swingui.TablePane  - Checking column codigo_accion: VARCHAR(30)
98172 [AWT-EventQueue-0] DEBUG ca.sqlpower.architect.swingui.TablePane  - Checking column nombre_accion: VARCHAR(100)
98172 [AWT-EventQueue-0] DEBUG ca.sqlpower.architect.swingui.TablePane  - Checking column id_accion_bursatil: INTEGER
98172 [AWT-EventQueue-0] DEBUG ca.sqlpower.architect.swingui.TablePane  - Checking column id_categoria: INTEGER
98172 [AWT-EventQueue-0] DEBUG ca.sqlpower.architect.swingui.TablePane  - Checking column id_categoria: INTEGER
98172 [AWT-EventQueue-0] DEBUG ca.sqlpower.architect.swingui.TablePane  - Checking column nombre: VARCHAR(100)
98172 [AWT-EventQueue-0] DEBUG ca.sqlpower.architect.swingui.TablePane  - Checking column descripcion: VARCHAR(100)
98172 [AWT-EventQueue-0] DEBUG ca.sqlpower.architect.swingui.TablePane  - Checking column id_registro_diario_accion: INTEGER
98172 [AWT-EventQueue-0] DEBUG ca.sqlpower.architect.swingui.TablePane  - Checking column precio_apertura: FLOAT
98172 [AWT-EventQueue-0] DEBUG ca.sqlpower.architect.swingui.TablePane  - Checking column precio_cierre: FLOAT
98187 [AWT-EventQueue-0] DEBUG ca.sqlpower.architect.swingui.TablePane  - Checking column fecha: TIMESTAMP
98187 [AWT-EventQueue-0] DEBUG ca.sqlpower.architect.swingui.TablePane  - Checking column id_accion_bursatil: INTEGER
98187 [AWT-EventQueue-0] DEBUG ca.sqlpower.architect.swingui.TablePane  - Checking column id_variacion_diaria: INTEGER
98187 [AWT-EventQueue-0] DEBUG ca.sqlpower.architect.swingui.TablePane  - Checking column id_registro_diario_accion: INTEGER
98187 [AWT-EventQueue-0] DEBUG ca.sqlpower.architect.swingui.TablePane  - Checking column variacion: FLOAT
98187 [AWT-EventQueue-0] DEBUG ca.sqlpower.architect.swingui.TablePane  - Checking column id_detalle_accion: INTEGER
98187 [AWT-EventQueue-0] DEBUG ca.sqlpower.architect.swingui.TablePane  - Checking column nombre_compania: VARCHAR(100)
98187 [AWT-EventQueue-0] DEBUG ca.sqlpower.architect.swingui.TablePane  - Checking column descripcion_compania: VARCHAR(100)
98187 [AWT-EventQueue-0] DEBUG ca.sqlpower.architect.swingui.TablePane  - Checking column fecha_revision: TIMESTAMP
98187 [AWT-EventQueue-0] DEBUG ca.sqlpower.architect.swingui.TablePane  - Checking column id_accion_bursatil: INTEGER
98297 [AWT-EventQueue-0] DEBUG ca.sqlpower.architect.swingui.TablePane  - Checking column id_accion_bursatil: INTEGER
98312 [AWT-EventQueue-0] DEBUG ca.sqlpower.architect.swingui.TablePane  - Checking column codigo_accion: VARCHAR(30)
98312 [AWT-EventQueue-0] DEBUG ca.sqlpower.architect.swingui.TablePane  - Checking column nombre_accion: VARCHAR(100)
98312 [AWT-EventQueue-0] DEBUG ca.sqlpower.architect.swingui.TablePane  - Checking column id_accion_bursatil: INTEGER
98312 [AWT-EventQueue-0] DEBUG ca.sqlpower.architect.swingui.TablePane  - Checking column id_categoria: INTEGER
98312 [AWT-EventQueue-0] DEBUG ca.sqlpower.architect.swingui.TablePane  - Checking column id_categoria: INTEGER
98312 [AWT-EventQueue-0] DEBUG ca.sqlpower.architect.swingui.TablePane  - Checking column nombre: VARCHAR(100)
98312 [AWT-EventQueue-0] DEBUG ca.sqlpower.architect.swingui.TablePane  - Checking column descripcion: VARCHAR(100)
98312 [AWT-EventQueue-0] DEBUG ca.sqlpower.architect.swingui.TablePane  - Checking column id_registro_diario_accion: INTEGER
98312 [AWT-EventQueue-0] DEBUG ca.sqlpower.architect.swingui.TablePane  - Checking column precio_apertura: FLOAT
98312 [AWT-EventQueue-0] DEBUG ca.sqlpower.architect.swingui.TablePane  - Checking column precio_cierre: FLOAT
98312 [AWT-EventQueue-0] DEBUG ca.sqlpower.architect.swingui.TablePane  - Checking column fecha: TIMESTAMP
98312 [AWT-EventQueue-0] DEBUG ca.sqlpower.architect.swingui.TablePane  - Checking column id_accion_bursatil: INTEGER
98312 [AWT-EventQueue-0] DEBUG ca.sqlpower.architect.swingui.TablePane  - Checking column id_variacion_diaria: INTEGER
98312 [AWT-EventQueue-0] DEBUG ca.sqlpower.architect.swingui.TablePane  - Checking column id_registro_diario_accion: INTEGER
98312 [AWT-EventQueue-0] DEBUG ca.sqlpower.architect.swingui.TablePane  - Checking column variacion: FLOAT
98312 [AWT-EventQueue-0] DEBUG ca.sqlpower.architect.swingui.TablePane  - Checking column id_detalle_accion: INTEGER
98312 [AWT-EventQueue-0] DEBUG ca.sqlpower.architect.swingui.TablePane  - Checking column nombre_compania: VARCHAR(100)
98312 [AWT-EventQueue-0] DEBUG ca.sqlpower.architect.swingui.TablePane  - Checking column descripcion_compania: VARCHAR(100)
98312 [AWT-EventQueue-0] DEBUG ca.sqlpower.architect.swingui.TablePane  - Checking column fecha_revision: TIMESTAMP
98312 [AWT-EventQueue-0] DEBUG ca.sqlpower.architect.swingui.TablePane  - Checking column id_accion_bursatil: INTEGER
99937 [AWT-EventQueue-0] DEBUG ca.sqlpower.architect.swingui.TablePane  - Checking column id_detalle_accion: INTEGER
99953 [AWT-EventQueue-0] DEBUG ca.sqlpower.architect.swingui.TablePane  - Checking column nombre_compania: VARCHAR(100)
99953 [AWT-EventQueue-0] DEBUG ca.sqlpower.architect.swingui.TablePane  - Checking column descripcion_compania: VARCHAR(100)
99953 [AWT-EventQueue-0] DEBUG ca.sqlpower.architect.swingui.TablePane  - Checking column fecha_revision: TIMESTAMP
99953 [AWT-EventQueue-0] DEBUG ca.sqlpower.architect.swingui.TablePane  - Checking column id_accion_bursatil: INTEGER
100047 [AWT-EventQueue-0] DEBUG ca.sqlpower.architect.swingui.TablePane  - Checking column id_accion_bursatil: INTEGER
100047 [AWT-EventQueue-0] DEBUG ca.sqlpower.architect.swingui.TablePane  - Checking column codigo_accion: VARCHAR(30)
100047 [AWT-EventQueue-0] DEBUG ca.sqlpower.architect.swingui.TablePane  - Checking column nombre_accion: VARCHAR(100)
100047 [AWT-EventQueue-0] DEBUG ca.sqlpower.architect.swingui.TablePane  - Checking column id_accion_bursatil: INTEGER
100047 [AWT-EventQueue-0] DEBUG ca.sqlpower.architect.swingui.TablePane  - Checking column id_categoria: INTEGER
100047 [AWT-EventQueue-0] DEBUG ca.sqlpower.architect.swingui.TablePane  - Checking column id_categoria: INTEGER
100047 [AWT-EventQueue-0] DEBUG ca.sqlpower.architect.swingui.TablePane  - Checking column nombre: VARCHAR(100)
100047 [AWT-EventQueue-0] DEBUG ca.sqlpower.architect.swingui.TablePane  - Checking column descripcion: VARCHAR(100)
100047 [AWT-EventQueue-0] DEBUG ca.sqlpower.architect.swingui.TablePane  - Checking column id_registro_diario_accion: INTEGER
100047 [AWT-EventQueue-0] DEBUG ca.sqlpower.architect.swingui.TablePane  - Checking column precio_apertura: FLOAT
100047 [AWT-EventQueue-0] DEBUG ca.sqlpower.architect.swingui.TablePane  - Checking column precio_cierre: FLOAT
100047 [AWT-EventQueue-0] DEBUG ca.sqlpower.architect.swingui.TablePane  - Checking column fecha: TIMESTAMP
100062 [AWT-EventQueue-0] DEBUG ca.sqlpower.architect.swingui.TablePane  - Checking column id_accion_bursatil: INTEGER
100062 [AWT-EventQueue-0] DEBUG ca.sqlpower.architect.swingui.TablePane  - Checking column id_variacion_diaria: INTEGER
100062 [AWT-EventQueue-0] DEBUG ca.sqlpower.architect.swingui.TablePane  - Checking column id_registro_diario_accion: INTEGER
100062 [AWT-EventQueue-0] DEBUG ca.sqlpower.architect.swingui.TablePane  - Checking column variacion: FLOAT
100062 [AWT-EventQueue-0] DEBUG ca.sqlpower.architect.swingui.TablePane  - Checking column id_detalle_accion: INTEGER
100062 [AWT-EventQueue-0] DEBUG ca.sqlpower.architect.swingui.TablePane  - Checking column nombre_compania: VARCHAR(100)
100062 [AWT-EventQueue-0] DEBUG ca.sqlpower.architect.swingui.TablePane  - Checking column descripcion_compania: VARCHAR(100)
100062 [AWT-EventQueue-0] DEBUG ca.sqlpower.architect.swingui.TablePane  - Checking column fecha_revision: TIMESTAMP
100062 [AWT-EventQueue-0] DEBUG ca.sqlpower.architect.swingui.TablePane  - Checking column id_accion_bursatil: INTEGER
101453 [AWT-EventQueue-0] DEBUG ca.sqlpower.architect.swingui.TablePane  - Checking column id_accion_bursatil: INTEGER
101453 [AWT-EventQueue-0] DEBUG ca.sqlpower.architect.swingui.TablePane  - Checking column codigo_accion: VARCHAR(30)
101453 [AWT-EventQueue-0] DEBUG ca.sqlpower.architect.swingui.TablePane  - Checking column nombre_accion: VARCHAR(100)
101453 [AWT-EventQueue-0] DEBUG ca.sqlpower.architect.swingui.TablePane  - Checking column id_accion_bursatil: INTEGER
101453 [AWT-EventQueue-0] DEBUG ca.sqlpower.architect.swingui.TablePane  - Checking column id_categoria: INTEGER
101453 [AWT-EventQueue-0] DEBUG ca.sqlpower.architect.swingui.TablePane  - Checking column id_categoria: INTEGER
101453 [AWT-EventQueue-0] DEBUG ca.sqlpower.architect.swingui.TablePane  - Checking column nombre: VARCHAR(100)
101453 [AWT-EventQueue-0] DEBUG ca.sqlpower.architect.swingui.TablePane  - Checking column descripcion: VARCHAR(100)
101453 [AWT-EventQueue-0] DEBUG ca.sqlpower.architect.swingui.TablePane  - Checking column id_registro_diario_accion: INTEGER
101453 [AWT-EventQueue-0] DEBUG ca.sqlpower.architect.swingui.TablePane  - Checking column precio_apertura: FLOAT
101453 [AWT-EventQueue-0] DEBUG ca.sqlpower.architect.swingui.TablePane  - Checking column precio_cierre: FLOAT
101453 [AWT-EventQueue-0] DEBUG ca.sqlpower.architect.swingui.TablePane  - Checking column fecha: TIMESTAMP
101453 [AWT-EventQueue-0] DEBUG ca.sqlpower.architect.swingui.TablePane  - Checking column id_accion_bursatil: INTEGER
101453 [AWT-EventQueue-0] DEBUG ca.sqlpower.architect.swingui.TablePane  - Checking column id_variacion_diaria: INTEGER
101453 [AWT-EventQueue-0] DEBUG ca.sqlpower.architect.swingui.TablePane  - Checking column id_registro_diario_accion: INTEGER
101453 [AWT-EventQueue-0] DEBUG ca.sqlpower.architect.swingui.TablePane  - Checking column variacion: FLOAT
101453 [AWT-EventQueue-0] DEBUG ca.sqlpower.architect.swingui.TablePane  - Checking column id_detalle_accion: INTEGER
101453 [AWT-EventQueue-0] DEBUG ca.sqlpower.architect.swingui.TablePane  - Checking column nombre_compania: VARCHAR(100)
101453 [AWT-EventQueue-0] DEBUG ca.sqlpower.architect.swingui.TablePane  - Checking column descripcion_compania: VARCHAR(100)
101453 [AWT-EventQueue-0] DEBUG ca.sqlpower.architect.swingui.TablePane  - Checking column fecha_revision: TIMESTAMP
101453 [AWT-EventQueue-0] DEBUG ca.sqlpower.architect.swingui.TablePane  - Checking column id_accion_bursatil: INTEGER
101562 [AWT-EventQueue-0] DEBUG ca.sqlpower.architect.swingui.TablePane  - Checking column id_accion_bursatil: INTEGER
101562 [AWT-EventQueue-0] DEBUG ca.sqlpower.architect.swingui.TablePane  - Checking column codigo_accion: VARCHAR(30)
101562 [AWT-EventQueue-0] DEBUG ca.sqlpower.architect.swingui.TablePane  - Checking column nombre_accion: VARCHAR(100)
101562 [AWT-EventQueue-0] DEBUG ca.sqlpower.architect.swingui.TablePane  - Checking column id_accion_bursatil: INTEGER
101562 [AWT-EventQueue-0] DEBUG ca.sqlpower.architect.swingui.TablePane  - Checking column id_categoria: INTEGER
101562 [AWT-EventQueue-0] DEBUG ca.sqlpower.architect.swingui.TablePane  - Checking column id_categoria: INTEGER
101562 [AWT-EventQueue-0] DEBUG ca.sqlpower.architect.swingui.TablePane  - Checking column nombre: VARCHAR(100)
101562 [AWT-EventQueue-0] DEBUG ca.sqlpower.architect.swingui.TablePane  - Checking column descripcion: VARCHAR(100)
101562 [AWT-EventQueue-0] DEBUG ca.sqlpower.architect.swingui.TablePane  - Checking column id_registro_diario_accion: INTEGER
101562 [AWT-EventQueue-0] DEBUG ca.sqlpower.architect.swingui.TablePane  - Checking column precio_apertura: FLOAT
101562 [AWT-EventQueue-0] DEBUG ca.sqlpower.architect.swingui.TablePane  - Checking column precio_cierre: FLOAT
101562 [AWT-EventQueue-0] DEBUG ca.sqlpower.architect.swingui.TablePane  - Checking column fecha: TIMESTAMP
101562 [AWT-EventQueue-0] DEBUG ca.sqlpower.architect.swingui.TablePane  - Checking column id_accion_bursatil: INTEGER
101562 [AWT-EventQueue-0] DEBUG ca.sqlpower.architect.swingui.TablePane  - Checking column id_variacion_diaria: INTEGER
101562 [AWT-EventQueue-0] DEBUG ca.sqlpower.architect.swingui.TablePane  - Checking column id_registro_diario_accion: INTEGER
101562 [AWT-EventQueue-0] DEBUG ca.sqlpower.architect.swingui.TablePane  - Checking column variacion: FLOAT
101562 [AWT-EventQueue-0] DEBUG ca.sqlpower.architect.swingui.TablePane  - Checking column id_detalle_accion: INTEGER
101562 [AWT-EventQueue-0] DEBUG ca.sqlpower.architect.swingui.TablePane  - Checking column nombre_compania: VARCHAR(100)
101562 [AWT-EventQueue-0] DEBUG ca.sqlpower.architect.swingui.TablePane  - Checking column descripcion_compania: VARCHAR(100)
101562 [AWT-EventQueue-0] DEBUG ca.sqlpower.architect.swingui.TablePane  - Checking column fecha_revision: TIMESTAMP
101562 [AWT-EventQueue-0] DEBUG ca.sqlpower.architect.swingui.TablePane  - Checking column id_accion_bursatil: INTEGER
102750 [AWT-EventQueue-0] DEBUG ca.sqlpower.architect.swingui.TablePane  - Checking column id_accion_bursatil: INTEGER
102750 [AWT-EventQueue-0] DEBUG ca.sqlpower.architect.swingui.TablePane  - Checking column codigo_accion: VARCHAR(30)
102750 [AWT-EventQueue-0] DEBUG ca.sqlpower.architect.swingui.TablePane  - Checking column nombre_accion: VARCHAR(100)
102750 [AWT-EventQueue-0] DEBUG ca.sqlpower.architect.swingui.TablePane  - Checking column id_accion_bursatil: INTEGER
102750 [AWT-EventQueue-0] DEBUG ca.sqlpower.architect.swingui.TablePane  - Checking column id_categoria: INTEGER
102750 [AWT-EventQueue-0] DEBUG ca.sqlpower.architect.swingui.TablePane  - Checking column id_categoria: INTEGER
102750 [AWT-EventQueue-0] DEBUG ca.sqlpower.architect.swingui.TablePane  - Checking column nombre: VARCHAR(100)
102750 [AWT-EventQueue-0] DEBUG ca.sqlpower.architect.swingui.TablePane  - Checking column descripcion: VARCHAR(100)
102750 [AWT-EventQueue-0] DEBUG ca.sqlpower.architect.swingui.TablePane  - Checking column id_registro_diario_accion: INTEGER
102750 [AWT-EventQueue-0] DEBUG ca.sqlpower.architect.swingui.TablePane  - Checking column precio_apertura: FLOAT
102750 [AWT-EventQueue-0] DEBUG ca.sqlpower.architect.swingui.TablePane  - Checking column precio_cierre: FLOAT
102750 [AWT-EventQueue-0] DEBUG ca.sqlpower.architect.swingui.TablePane  - Checking column fecha: TIMESTAMP
102750 [AWT-EventQueue-0] DEBUG ca.sqlpower.architect.swingui.TablePane  - Checking column id_accion_bursatil: INTEGER
102750 [AWT-EventQueue-0] DEBUG ca.sqlpower.architect.swingui.TablePane  - Checking column id_variacion_diaria: INTEGER
102750 [AWT-EventQueue-0] DEBUG ca.sqlpower.architect.swingui.TablePane  - Checking column id_registro_diario_accion: INTEGER
102750 [AWT-EventQueue-0] DEBUG ca.sqlpower.architect.swingui.TablePane  - Checking column variacion: FLOAT
102765 [AWT-EventQueue-0] DEBUG ca.sqlpower.architect.swingui.TablePane  - Checking column id_detalle_accion: INTEGER
102765 [AWT-EventQueue-0] DEBUG ca.sqlpower.architect.swingui.TablePane  - Checking column nombre_compania: VARCHAR(100)
102765 [AWT-EventQueue-0] DEBUG ca.sqlpower.architect.swingui.TablePane  - Checking column descripcion_compania: VARCHAR(100)
102765 [AWT-EventQueue-0] DEBUG ca.sqlpower.architect.swingui.TablePane  - Checking column fecha_revision: TIMESTAMP
102765 [AWT-EventQueue-0] DEBUG ca.sqlpower.architect.swingui.TablePane  - Checking column id_accion_bursatil: INTEGER
104593 [AWT-EventQueue-0] DEBUG ca.sqlpower.architect.swingui.TablePane  - Checking column id_accion_bursatil: INTEGER
104593 [AWT-EventQueue-0] DEBUG ca.sqlpower.architect.swingui.TablePane  - Checking column codigo_accion: VARCHAR(30)
104593 [AWT-EventQueue-0] DEBUG ca.sqlpower.architect.swingui.TablePane  - Checking column nombre_accion: VARCHAR(100)
104593 [AWT-EventQueue-0] DEBUG ca.sqlpower.architect.swingui.TablePane  - Checking column id_registro_diario_accion: INTEGER
104593 [AWT-EventQueue-0] DEBUG ca.sqlpower.architect.swingui.TablePane  - Checking column precio_apertura: FLOAT
104593 [AWT-EventQueue-0] DEBUG ca.sqlpower.architect.swingui.TablePane  - Checking column precio_cierre: FLOAT
104593 [AWT-EventQueue-0] DEBUG ca.sqlpower.architect.swingui.TablePane  - Checking column fecha: TIMESTAMP
104593 [AWT-EventQueue-0] DEBUG ca.sqlpower.architect.swingui.TablePane  - Checking column id_accion_bursatil: INTEGER
106562 [AWT-EventQueue-0] DEBUG ca.sqlpower.architect.swingui.TablePane  - Checking column id_registro_diario_accion: INTEGER
106562 [AWT-EventQueue-0] DEBUG ca.sqlpower.architect.swingui.TablePane  - Checking column precio_apertura: FLOAT
106562 [AWT-EventQueue-0] DEBUG ca.sqlpower.architect.swingui.TablePane  - Checking column precio_cierre: FLOAT
106562 [AWT-EventQueue-0] DEBUG ca.sqlpower.architect.swingui.TablePane  - Checking column fecha: TIMESTAMP
106562 [AWT-EventQueue-0] DEBUG ca.sqlpower.architect.swingui.TablePane  - Checking column id_accion_bursatil: INTEGER
107437 [AWT-EventQueue-0] INFO  ca.sqlpower.architect.swingui.PlayPenComponent  - TablePane: acciones_bursatiles (TABLE) is adding ca.sqlpower.architect.swingui.PlayPen[Play Pen,0,0,0x0,invalid,layout=java.awt.FlowLayout,alignmentX=0.0,alignmentY=0.0,border=,flags=9,maximumSize=,minimumSize=java.awt.Dimension[width=1,height=1],preferredSize=]
107437 [AWT-EventQueue-0] INFO  ca.sqlpower.architect.swingui.PlayPenComponent  - TablePane: detalles_acciones (TABLE) is adding ca.sqlpower.architect.swingui.PlayPen[Play Pen,0,0,0x0,invalid,layout=java.awt.FlowLayout,alignmentX=0.0,alignmentY=0.0,border=,flags=9,maximumSize=,minimumSize=java.awt.Dimension[width=1,height=1],preferredSize=]
107687 [AWT-EventQueue-0] DEBUG ca.sqlpower.architect.swingui.TablePane  - Checking column id_accion_bursatil: INTEGER
107703 [AWT-EventQueue-0] DEBUG ca.sqlpower.architect.swingui.TablePane  - Checking column codigo_accion: VARCHAR(30)
107703 [AWT-EventQueue-0] DEBUG ca.sqlpower.architect.swingui.TablePane  - Checking column nombre_accion: VARCHAR(100)
107703 [AWT-EventQueue-0] DEBUG ca.sqlpower.architect.swingui.TablePane  - Checking column id_accion_bursatil: INTEGER
107703 [AWT-EventQueue-0] DEBUG ca.sqlpower.architect.swingui.TablePane  - Checking column id_categoria: INTEGER
107703 [AWT-EventQueue-0] DEBUG ca.sqlpower.architect.swingui.TablePane  - Checking column id_detalle_accion: INTEGER
107703 [AWT-EventQueue-0] DEBUG ca.sqlpower.architect.swingui.TablePane  - Checking column nombre_compania: VARCHAR(100)
107703 [AWT-EventQueue-0] DEBUG ca.sqlpower.architect.swingui.TablePane  - Checking column descripcion_compania: VARCHAR(100)
107703 [AWT-EventQueue-0] DEBUG ca.sqlpower.architect.swingui.TablePane  - Checking column fecha_revision: TIMESTAMP
107703 [AWT-EventQueue-0] DEBUG ca.sqlpower.architect.swingui.TablePane  - Checking column id_accion_bursatil: INTEGER
183500 [AWT-EventQueue-0] DEBUG ca.sqlpower.architect.swingui.TablePane  - Checking column id_accion_bursatil: INTEGER
183500 [AWT-EventQueue-0] DEBUG ca.sqlpower.architect.swingui.TablePane  - Checking column codigo_accion: VARCHAR(30)
183500 [AWT-EventQueue-0] DEBUG ca.sqlpower.architect.swingui.TablePane  - Checking column nombre_accion: VARCHAR(100)
183500 [AWT-EventQueue-0] DEBUG ca.sqlpower.architect.swingui.TablePane  - Checking column id_detalle_accion: INTEGER
183500 [AWT-EventQueue-0] DEBUG ca.sqlpower.architect.swingui.TablePane  - Checking column nombre_compania: VARCHAR(100)
183500 [AWT-EventQueue-0] DEBUG ca.sqlpower.architect.swingui.TablePane  - Checking column descripcion_compania: VARCHAR(100)
183500 [AWT-EventQueue-0] DEBUG ca.sqlpower.architect.swingui.TablePane  - Checking column fecha_revision: TIMESTAMP
183500 [AWT-EventQueue-0] DEBUG ca.sqlpower.architect.swingui.TablePane  - Checking column id_accion_bursatil: INTEGER
186922 [AWT-EventQueue-0] DEBUG ca.sqlpower.architect.swingui.TablePane  - Checking column id_accion_bursatil: INTEGER
186922 [AWT-EventQueue-0] DEBUG ca.sqlpower.architect.swingui.TablePane  - Checking column codigo_accion: VARCHAR(30)
186922 [AWT-EventQueue-0] DEBUG ca.sqlpower.architect.swingui.TablePane  - Checking column nombre_accion: VARCHAR(100)
186922 [AWT-EventQueue-0] DEBUG ca.sqlpower.architect.swingui.TablePane  - Checking column id_detalle_accion: INTEGER
186922 [AWT-EventQueue-0] DEBUG ca.sqlpower.architect.swingui.TablePane  - Checking column nombre_compania: VARCHAR(100)
186922 [AWT-EventQueue-0] DEBUG ca.sqlpower.architect.swingui.TablePane  - Checking column descripcion_compania: VARCHAR(100)
186922 [AWT-EventQueue-0] DEBUG ca.sqlpower.architect.swingui.TablePane  - Checking column fecha_revision: TIMESTAMP
186922 [AWT-EventQueue-0] DEBUG ca.sqlpower.architect.swingui.TablePane  - Checking column id_accion_bursatil: INTEGER
187031 [AWT-EventQueue-0] DEBUG ca.sqlpower.architect.swingui.TablePane  - Checking column id_accion_bursatil: INTEGER
187031 [AWT-EventQueue-0] DEBUG ca.sqlpower.architect.swingui.TablePane  - Checking column codigo_accion: VARCHAR(30)
187031 [AWT-EventQueue-0] DEBUG ca.sqlpower.architect.swingui.TablePane  - Checking column nombre_accion: VARCHAR(100)
187031 [AWT-EventQueue-0] DEBUG ca.sqlpower.architect.swingui.TablePane  - Checking column id_detalle_accion: INTEGER
187031 [AWT-EventQueue-0] DEBUG ca.sqlpower.architect.swingui.TablePane  - Checking column nombre_compania: VARCHAR(100)
187031 [AWT-EventQueue-0] DEBUG ca.sqlpower.architect.swingui.TablePane  - Checking column descripcion_compania: VARCHAR(100)
187031 [AWT-EventQueue-0] DEBUG ca.sqlpower.architect.swingui.TablePane  - Checking column fecha_revision: TIMESTAMP
187031 [AWT-EventQueue-0] DEBUG ca.sqlpower.architect.swingui.TablePane  - Checking column id_accion_bursatil: INTEGER
187875 [AWT-EventQueue-0] DEBUG ca.sqlpower.architect.swingui.TablePane  - Checking column id_accion_bursatil: INTEGER
187875 [AWT-EventQueue-0] DEBUG ca.sqlpower.architect.swingui.TablePane  - Checking column codigo_accion: VARCHAR(30)
187875 [AWT-EventQueue-0] DEBUG ca.sqlpower.architect.swingui.TablePane  - Checking column nombre_accion: VARCHAR(100)
187875 [AWT-EventQueue-0] DEBUG ca.sqlpower.architect.swingui.TablePane  - Checking column id_detalle_accion: INTEGER
187875 [AWT-EventQueue-0] DEBUG ca.sqlpower.architect.swingui.TablePane  - Checking column nombre_compania: VARCHAR(100)
187875 [AWT-EventQueue-0] DEBUG ca.sqlpower.architect.swingui.TablePane  - Checking column descripcion_compania: VARCHAR(100)
187875 [AWT-EventQueue-0] DEBUG ca.sqlpower.architect.swingui.TablePane  - Checking column fecha_revision: TIMESTAMP
187875 [AWT-EventQueue-0] DEBUG ca.sqlpower.architect.swingui.TablePane  - Checking column id_accion_bursatil: INTEGER
188015 [AWT-EventQueue-0] DEBUG ca.sqlpower.architect.swingui.TablePane  - Checking column id_accion_bursatil: INTEGER
188015 [AWT-EventQueue-0] DEBUG ca.sqlpower.architect.swingui.TablePane  - Checking column codigo_accion: VARCHAR(30)
188015 [AWT-EventQueue-0] DEBUG ca.sqlpower.architect.swingui.TablePane  - Checking column nombre_accion: VARCHAR(100)
188031 [AWT-EventQueue-0] DEBUG ca.sqlpower.architect.swingui.TablePane  - Checking column id_detalle_accion: INTEGER
188031 [AWT-EventQueue-0] DEBUG ca.sqlpower.architect.swingui.TablePane  - Checking column nombre_compania: VARCHAR(100)
188031 [AWT-EventQueue-0] DEBUG ca.sqlpower.architect.swingui.TablePane  - Checking column descripcion_compania: VARCHAR(100)
188031 [AWT-EventQueue-0] DEBUG ca.sqlpower.architect.swingui.TablePane  - Checking column fecha_revision: TIMESTAMP
188031 [AWT-EventQueue-0] DEBUG ca.sqlpower.architect.swingui.TablePane  - Checking column id_accion_bursatil: INTEGER
188640 [AWT-EventQueue-0] DEBUG ca.sqlpower.architect.swingui.TablePane  - Checking column id_accion_bursatil: INTEGER
188640 [AWT-EventQueue-0] DEBUG ca.sqlpower.architect.swingui.TablePane  - Checking column codigo_accion: VARCHAR(30)
188640 [AWT-EventQueue-0] DEBUG ca.sqlpower.architect.swingui.TablePane  - Checking column nombre_accion: VARCHAR(100)
188640 [AWT-EventQueue-0] DEBUG ca.sqlpower.architect.swingui.TablePane  - Checking column id_detalle_accion: INTEGER
188640 [AWT-EventQueue-0] DEBUG ca.sqlpower.architect.swingui.TablePane  - Checking column nombre_compania: VARCHAR(100)
188640 [AWT-EventQueue-0] DEBUG ca.sqlpower.architect.swingui.TablePane  - Checking column descripcion_compania: VARCHAR(100)
188640 [AWT-EventQueue-0] DEBUG ca.sqlpower.architect.swingui.TablePane  - Checking column fecha_revision: TIMESTAMP
188640 [AWT-EventQueue-0] DEBUG ca.sqlpower.architect.swingui.TablePane  - Checking column id_accion_bursatil: INTEGER
189390 [AWT-EventQueue-0] DEBUG ca.sqlpower.architect.swingui.TablePane  - Checking column id_accion_bursatil: INTEGER
189390 [AWT-EventQueue-0] DEBUG ca.sqlpower.architect.swingui.TablePane  - Checking column codigo_accion: VARCHAR(30)
189390 [AWT-EventQueue-0] DEBUG ca.sqlpower.architect.swingui.TablePane  - Checking column nombre_accion: VARCHAR(100)
189390 [AWT-EventQueue-0] DEBUG ca.sqlpower.architect.swingui.TablePane  - Checking column id_detalle_accion: INTEGER
189390 [AWT-EventQueue-0] DEBUG ca.sqlpower.architect.swingui.TablePane  - Checking column nombre_compania: VARCHAR(100)
189390 [AWT-EventQueue-0] DEBUG ca.sqlpower.architect.swingui.TablePane  - Checking column descripcion_compania: VARCHAR(100)
189390 [AWT-EventQueue-0] DEBUG ca.sqlpower.architect.swingui.TablePane  - Checking column fecha_revision: TIMESTAMP
189390 [AWT-EventQueue-0] DEBUG ca.sqlpower.architect.swingui.TablePane  - Checking column id_accion_bursatil: INTEGER
260625 [AWT-EventQueue-0] DEBUG ca.sqlpower.architect.swingui.TablePane  - Checking column id_accion_bursatil: INTEGER
260625 [AWT-EventQueue-0] DEBUG ca.sqlpower.architect.swingui.TablePane  - Checking column codigo_accion: VARCHAR(30)
260625 [AWT-EventQueue-0] DEBUG ca.sqlpower.architect.swingui.TablePane  - Checking column nombre_accion: VARCHAR(100)
260625 [AWT-EventQueue-0] DEBUG ca.sqlpower.architect.swingui.TablePane  - Checking column id_accion_bursatil: INTEGER
260625 [AWT-EventQueue-0] DEBUG ca.sqlpower.architect.swingui.TablePane  - Checking column id_categoria: INTEGER
260625 [AWT-EventQueue-0] DEBUG ca.sqlpower.architect.swingui.TablePane  - Checking column id_categoria: INTEGER
260625 [AWT-EventQueue-0] DEBUG ca.sqlpower.architect.swingui.TablePane  - Checking column nombre: VARCHAR(100)
260625 [AWT-EventQueue-0] DEBUG ca.sqlpower.architect.swingui.TablePane  - Checking column descripcion: VARCHAR(100)
260625 [AWT-EventQueue-0] DEBUG ca.sqlpower.architect.swingui.TablePane  - Checking column id_registro_diario_accion: INTEGER
260625 [AWT-EventQueue-0] DEBUG ca.sqlpower.architect.swingui.TablePane  - Checking column precio_apertura: FLOAT
260625 [AWT-EventQueue-0] DEBUG ca.sqlpower.architect.swingui.TablePane  - Checking column precio_cierre: FLOAT
260625 [AWT-EventQueue-0] DEBUG ca.sqlpower.architect.swingui.TablePane  - Checking column fecha: TIMESTAMP
260625 [AWT-EventQueue-0] DEBUG ca.sqlpower.architect.swingui.TablePane  - Checking column id_accion_bursatil: INTEGER
260625 [AWT-EventQueue-0] DEBUG ca.sqlpower.architect.swingui.TablePane  - Checking column id_variacion_diaria: INTEGER
260625 [AWT-EventQueue-0] DEBUG ca.sqlpower.architect.swingui.TablePane  - Checking column id_registro_diario_accion: INTEGER
260625 [AWT-EventQueue-0] DEBUG ca.sqlpower.architect.swingui.TablePane  - Checking column variacion: FLOAT
260625 [AWT-EventQueue-0] DEBUG ca.sqlpower.architect.swingui.TablePane  - Checking column id_detalle_accion: INTEGER
260625 [AWT-EventQueue-0] DEBUG ca.sqlpower.architect.swingui.TablePane  - Checking column nombre_compania: VARCHAR(100)
260625 [AWT-EventQueue-0] DEBUG ca.sqlpower.architect.swingui.TablePane  - Checking column descripcion_compania: VARCHAR(100)
260625 [AWT-EventQueue-0] DEBUG ca.sqlpower.architect.swingui.TablePane  - Checking column fecha_revision: TIMESTAMP
260625 [AWT-EventQueue-0] DEBUG ca.sqlpower.architect.swingui.TablePane  - Checking column id_accion_bursatil: INTEGER
371250 [AWT-EventQueue-0] DEBUG ca.sqlpower.architect.swingui.TablePane  - Checking column id_accion_bursatil: INTEGER
371250 [AWT-EventQueue-0] DEBUG ca.sqlpower.architect.swingui.TablePane  - Checking column codigo_accion: VARCHAR(30)
371250 [AWT-EventQueue-0] DEBUG ca.sqlpower.architect.swingui.TablePane  - Checking column nombre_accion: VARCHAR(100)
371250 [AWT-EventQueue-0] DEBUG ca.sqlpower.architect.swingui.TablePane  - Checking column id_accion_bursatil: INTEGER
371250 [AWT-EventQueue-0] DEBUG ca.sqlpower.architect.swingui.TablePane  - Checking column id_categoria: INTEGER
371250 [AWT-EventQueue-0] DEBUG ca.sqlpower.architect.swingui.TablePane  - Checking column id_categoria: INTEGER
371250 [AWT-EventQueue-0] DEBUG ca.sqlpower.architect.swingui.TablePane  - Checking column nombre: VARCHAR(100)
371250 [AWT-EventQueue-0] DEBUG ca.sqlpower.architect.swingui.TablePane  - Checking column descripcion: VARCHAR(100)
371250 [AWT-EventQueue-0] DEBUG ca.sqlpower.architect.swingui.TablePane  - Checking column id_registro_diario_accion: INTEGER
371250 [AWT-EventQueue-0] DEBUG ca.sqlpower.architect.swingui.TablePane  - Checking column precio_apertura: FLOAT
371250 [AWT-EventQueue-0] DEBUG ca.sqlpower.architect.swingui.TablePane  - Checking column precio_cierre: FLOAT
371250 [AWT-EventQueue-0] DEBUG ca.sqlpower.architect.swingui.TablePane  - Checking column fecha: TIMESTAMP
371250 [AWT-EventQueue-0] DEBUG ca.sqlpower.architect.swingui.TablePane  - Checking column id_accion_bursatil: INTEGER
371250 [AWT-EventQueue-0] DEBUG ca.sqlpower.architect.swingui.TablePane  - Checking column id_variacion_diaria: INTEGER
371250 [AWT-EventQueue-0] DEBUG ca.sqlpower.architect.swingui.TablePane  - Checking column id_registro_diario_accion: INTEGER
371250 [AWT-EventQueue-0] DEBUG ca.sqlpower.architect.swingui.TablePane  - Checking column variacion: FLOAT
371250 [AWT-EventQueue-0] DEBUG ca.sqlpower.architect.swingui.TablePane  - Checking column id_detalle_accion: INTEGER
371250 [AWT-EventQueue-0] DEBUG ca.sqlpower.architect.swingui.TablePane  - Checking column nombre_compania: VARCHAR(100)
371265 [AWT-EventQueue-0] DEBUG ca.sqlpower.architect.swingui.TablePane  - Checking column descripcion_compania: VARCHAR(100)
371265 [AWT-EventQueue-0] DEBUG ca.sqlpower.architect.swingui.TablePane  - Checking column fecha_revision: TIMESTAMP
371265 [AWT-EventQueue-0] DEBUG ca.sqlpower.architect.swingui.TablePane  - Checking column id_accion_bursatil: INTEGER
441265 [AWT-EventQueue-0] DEBUG ca.sqlpower.architect.swingui.TablePane  - Checking column id_accion_bursatil: INTEGER
441265 [AWT-EventQueue-0] DEBUG ca.sqlpower.architect.swingui.TablePane  - Checking column codigo_accion: VARCHAR(30)
441265 [AWT-EventQueue-0] DEBUG ca.sqlpower.architect.swingui.TablePane  - Checking column nombre_accion: VARCHAR(100)
441265 [AWT-EventQueue-0] DEBUG ca.sqlpower.architect.swingui.TablePane  - Checking column id_accion_bursatil: INTEGER
441265 [AWT-EventQueue-0] DEBUG ca.sqlpower.architect.swingui.TablePane  - Checking column id_categoria: INTEGER
441265 [AWT-EventQueue-0] DEBUG ca.sqlpower.architect.swingui.TablePane  - Checking column id_categoria: INTEGER
441265 [AWT-EventQueue-0] DEBUG ca.sqlpower.architect.swingui.TablePane  - Checking column nombre: VARCHAR(100)
441265 [AWT-EventQueue-0] DEBUG ca.sqlpower.architect.swingui.TablePane  - Checking column descripcion: VARCHAR(100)
441265 [AWT-EventQueue-0] DEBUG ca.sqlpower.architect.swingui.TablePane  - Checking column id_registro_diario_accion: INTEGER
441265 [AWT-EventQueue-0] DEBUG ca.sqlpower.architect.swingui.TablePane  - Checking column precio_apertura: FLOAT
441265 [AWT-EventQueue-0] DEBUG ca.sqlpower.architect.swingui.TablePane  - Checking column precio_cierre: FLOAT
441265 [AWT-EventQueue-0] DEBUG ca.sqlpower.architect.swingui.TablePane  - Checking column fecha: TIMESTAMP
441281 [AWT-EventQueue-0] DEBUG ca.sqlpower.architect.swingui.TablePane  - Checking column id_accion_bursatil: INTEGER
441281 [AWT-EventQueue-0] DEBUG ca.sqlpower.architect.swingui.TablePane  - Checking column id_variacion_diaria: INTEGER
441281 [AWT-EventQueue-0] DEBUG ca.sqlpower.architect.swingui.TablePane  - Checking column id_registro_diario_accion: INTEGER
441281 [AWT-EventQueue-0] DEBUG ca.sqlpower.architect.swingui.TablePane  - Checking column variacion: FLOAT
441281 [AWT-EventQueue-0] DEBUG ca.sqlpower.architect.swingui.TablePane  - Checking column id_detalle_accion: INTEGER
441281 [AWT-EventQueue-0] DEBUG ca.sqlpower.architect.swingui.TablePane  - Checking column nombre_compania: VARCHAR(100)
441281 [AWT-EventQueue-0] DEBUG ca.sqlpower.architect.swingui.TablePane  - Checking column descripcion_compania: VARCHAR(100)
441281 [AWT-EventQueue-0] DEBUG ca.sqlpower.architect.swingui.TablePane  - Checking column fecha_revision: TIMESTAMP
441281 [AWT-EventQueue-0] DEBUG ca.sqlpower.architect.swingui.TablePane  - Checking column id_accion_bursatil: INTEGER
441343 [AWT-EventQueue-0] DEBUG ca.sqlpower.architect.swingui.TablePane  - Checking column id_accion_bursatil: INTEGER
441343 [AWT-EventQueue-0] DEBUG ca.sqlpower.architect.swingui.TablePane  - Checking column codigo_accion: VARCHAR(30)
441343 [AWT-EventQueue-0] DEBUG ca.sqlpower.architect.swingui.TablePane  - Checking column nombre_accion: VARCHAR(100)
441343 [AWT-EventQueue-0] DEBUG ca.sqlpower.architect.swingui.TablePane  - Checking column id_accion_bursatil: INTEGER
441343 [AWT-EventQueue-0] DEBUG ca.sqlpower.architect.swingui.TablePane  - Checking column id_categoria: INTEGER
441343 [AWT-EventQueue-0] DEBUG ca.sqlpower.architect.swingui.TablePane  - Checking column id_categoria: INTEGER
441343 [AWT-EventQueue-0] DEBUG ca.sqlpower.architect.swingui.TablePane  - Checking column nombre: VARCHAR(100)
441343 [AWT-EventQueue-0] DEBUG ca.sqlpower.architect.swingui.TablePane  - Checking column descripcion: VARCHAR(100)
441343 [AWT-EventQueue-0] DEBUG ca.sqlpower.architect.swingui.TablePane  - Checking column id_registro_diario_accion: INTEGER
441359 [AWT-EventQueue-0] DEBUG ca.sqlpower.architect.swingui.TablePane  - Checking column precio_apertura: FLOAT
441359 [AWT-EventQueue-0] DEBUG ca.sqlpower.architect.swingui.TablePane  - Checking column precio_cierre: FLOAT
441359 [AWT-EventQueue-0] DEBUG ca.sqlpower.architect.swingui.TablePane  - Checking column fecha: TIMESTAMP
441359 [AWT-EventQueue-0] DEBUG ca.sqlpower.architect.swingui.TablePane  - Checking column id_accion_bursatil: INTEGER
441359 [AWT-EventQueue-0] DEBUG ca.sqlpower.architect.swingui.TablePane  - Checking column id_variacion_diaria: INTEGER
441359 [AWT-EventQueue-0] DEBUG ca.sqlpower.architect.swingui.TablePane  - Checking column id_registro_diario_accion: INTEGER
441359 [AWT-EventQueue-0] DEBUG ca.sqlpower.architect.swingui.TablePane  - Checking column variacion: FLOAT
441359 [AWT-EventQueue-0] DEBUG ca.sqlpower.architect.swingui.TablePane  - Checking column id_detalle_accion: INTEGER
441359 [AWT-EventQueue-0] DEBUG ca.sqlpower.architect.swingui.TablePane  - Checking column nombre_compania: VARCHAR(100)
441359 [AWT-EventQueue-0] DEBUG ca.sqlpower.architect.swingui.TablePane  - Checking column descripcion_compania: VARCHAR(100)
441359 [AWT-EventQueue-0] DEBUG ca.sqlpower.architect.swingui.TablePane  - Checking column fecha_revision: TIMESTAMP
441359 [AWT-EventQueue-0] DEBUG ca.sqlpower.architect.swingui.TablePane  - Checking column id_accion_bursatil: INTEGER
442015 [AWT-EventQueue-0] DEBUG ca.sqlpower.architect.swingui.TablePane  - Checking column id_accion_bursatil: INTEGER
442015 [AWT-EventQueue-0] DEBUG ca.sqlpower.architect.swingui.TablePane  - Checking column codigo_accion: VARCHAR(30)
442015 [AWT-EventQueue-0] DEBUG ca.sqlpower.architect.swingui.TablePane  - Checking column nombre_accion: VARCHAR(100)
442015 [AWT-EventQueue-0] DEBUG ca.sqlpower.architect.swingui.TablePane  - Checking column id_accion_bursatil: INTEGER
442015 [AWT-EventQueue-0] DEBUG ca.sqlpower.architect.swingui.TablePane  - Checking column id_categoria: INTEGER
442015 [AWT-EventQueue-0] DEBUG ca.sqlpower.architect.swingui.TablePane  - Checking column id_categoria: INTEGER
442015 [AWT-EventQueue-0] DEBUG ca.sqlpower.architect.swingui.TablePane  - Checking column nombre: VARCHAR(100)
442015 [AWT-EventQueue-0] DEBUG ca.sqlpower.architect.swingui.TablePane  - Checking column descripcion: VARCHAR(100)
442015 [AWT-EventQueue-0] DEBUG ca.sqlpower.architect.swingui.TablePane  - Checking column id_registro_diario_accion: INTEGER
442015 [AWT-EventQueue-0] DEBUG ca.sqlpower.architect.swingui.TablePane  - Checking column precio_apertura: FLOAT
442015 [AWT-EventQueue-0] DEBUG ca.sqlpower.architect.swingui.TablePane  - Checking column precio_cierre: FLOAT
442015 [AWT-EventQueue-0] DEBUG ca.sqlpower.architect.swingui.TablePane  - Checking column fecha: TIMESTAMP
442015 [AWT-EventQueue-0] DEBUG ca.sqlpower.architect.swingui.TablePane  - Checking column id_accion_bursatil: INTEGER
442015 [AWT-EventQueue-0] DEBUG ca.sqlpower.architect.swingui.TablePane  - Checking column id_variacion_diaria: INTEGER
442015 [AWT-EventQueue-0] DEBUG ca.sqlpower.architect.swingui.TablePane  - Checking column id_registro_diario_accion: INTEGER
442015 [AWT-EventQueue-0] DEBUG ca.sqlpower.architect.swingui.TablePane  - Checking column variacion: FLOAT
442015 [AWT-EventQueue-0] DEBUG ca.sqlpower.architect.swingui.TablePane  - Checking column id_detalle_accion: INTEGER
442015 [AWT-EventQueue-0] DEBUG ca.sqlpower.architect.swingui.TablePane  - Checking column nombre_compania: VARCHAR(100)
442031 [AWT-EventQueue-0] DEBUG ca.sqlpower.architect.swingui.TablePane  - Checking column descripcion_compania: VARCHAR(100)
442031 [AWT-EventQueue-0] DEBUG ca.sqlpower.architect.swingui.TablePane  - Checking column fecha_revision: TIMESTAMP
442031 [AWT-EventQueue-0] DEBUG ca.sqlpower.architect.swingui.TablePane  - Checking column id_accion_bursatil: INTEGER
461922 [AWT-EventQueue-0] DEBUG ca.sqlpower.architect.swingui.TablePane  - Checking column id_accion_bursatil: INTEGER
461922 [AWT-EventQueue-0] DEBUG ca.sqlpower.architect.swingui.TablePane  - Checking column codigo_accion: VARCHAR(30)
461922 [AWT-EventQueue-0] DEBUG ca.sqlpower.architect.swingui.TablePane  - Checking column nombre_accion: VARCHAR(100)
461922 [AWT-EventQueue-0] DEBUG ca.sqlpower.architect.swingui.TablePane  - Checking column id_accion_bursatil: INTEGER
461922 [AWT-EventQueue-0] DEBUG ca.sqlpower.architect.swingui.TablePane  - Checking column id_categoria: INTEGER
461922 [AWT-EventQueue-0] DEBUG ca.sqlpower.architect.swingui.TablePane  - Checking column id_categoria: INTEGER
461922 [AWT-EventQueue-0] DEBUG ca.sqlpower.architect.swingui.TablePane  - Checking column nombre: VARCHAR(100)
461922 [AWT-EventQueue-0] DEBUG ca.sqlpower.architect.swingui.TablePane  - Checking column descripcion: VARCHAR(100)
461922 [AWT-EventQueue-0] DEBUG ca.sqlpower.architect.swingui.TablePane  - Checking column id_registro_diario_accion: INTEGER
461922 [AWT-EventQueue-0] DEBUG ca.sqlpower.architect.swingui.TablePane  - Checking column precio_apertura: FLOAT
461922 [AWT-EventQueue-0] DEBUG ca.sqlpower.architect.swingui.TablePane  - Checking column precio_cierre: FLOAT
461922 [AWT-EventQueue-0] DEBUG ca.sqlpower.architect.swingui.TablePane  - Checking column fecha: TIMESTAMP
461922 [AWT-EventQueue-0] DEBUG ca.sqlpower.architect.swingui.TablePane  - Checking column id_accion_bursatil: INTEGER
461922 [AWT-EventQueue-0] DEBUG ca.sqlpower.architect.swingui.TablePane  - Checking column id_variacion_diaria: INTEGER
461922 [AWT-EventQueue-0] DEBUG ca.sqlpower.architect.swingui.TablePane  - Checking column id_registro_diario_accion: INTEGER
461922 [AWT-EventQueue-0] DEBUG ca.sqlpower.architect.swingui.TablePane  - Checking column variacion: FLOAT
461922 [AWT-EventQueue-0] DEBUG ca.sqlpower.architect.swingui.TablePane  - Checking column id_detalle_accion: INTEGER
461922 [AWT-EventQueue-0] DEBUG ca.sqlpower.architect.swingui.TablePane  - Checking column nombre_compania: VARCHAR(100)
461922 [AWT-EventQueue-0] DEBUG ca.sqlpower.architect.swingui.TablePane  - Checking column descripcion_compania: VARCHAR(100)
461922 [AWT-EventQueue-0] DEBUG ca.sqlpower.architect.swingui.TablePane  - Checking column fecha_revision: TIMESTAMP
461922 [AWT-EventQueue-0] DEBUG ca.sqlpower.architect.swingui.TablePane  - Checking column id_accion_bursatil: INTEGER
479187 [AWT-EventQueue-0] DEBUG ca.sqlpower.architect.swingui.TablePane  - Checking column id_accion_bursatil: INTEGER
479187 [AWT-EventQueue-0] DEBUG ca.sqlpower.architect.swingui.TablePane  - Checking column codigo_accion: VARCHAR(30)
479187 [AWT-EventQueue-0] DEBUG ca.sqlpower.architect.swingui.TablePane  - Checking column nombre_accion: VARCHAR(100)
479187 [AWT-EventQueue-0] DEBUG ca.sqlpower.architect.swingui.TablePane  - Checking column id_accion_bursatil: INTEGER
479187 [AWT-EventQueue-0] DEBUG ca.sqlpower.architect.swingui.TablePane  - Checking column id_categoria: INTEGER
479187 [AWT-EventQueue-0] DEBUG ca.sqlpower.architect.swingui.TablePane  - Checking column id_categoria: INTEGER
479187 [AWT-EventQueue-0] DEBUG ca.sqlpower.architect.swingui.TablePane  - Checking column nombre: VARCHAR(100)
479187 [AWT-EventQueue-0] DEBUG ca.sqlpower.architect.swingui.TablePane  - Checking column descripcion: VARCHAR(100)
479187 [AWT-EventQueue-0] DEBUG ca.sqlpower.architect.swingui.TablePane  - Checking column id_registro_diario_accion: INTEGER
479187 [AWT-EventQueue-0] DEBUG ca.sqlpower.architect.swingui.TablePane  - Checking column precio_apertura: FLOAT
479187 [AWT-EventQueue-0] DEBUG ca.sqlpower.architect.swingui.TablePane  - Checking column precio_cierre: FLOAT
479187 [AWT-EventQueue-0] DEBUG ca.sqlpower.architect.swingui.TablePane  - Checking column fecha: TIMESTAMP
479187 [AWT-EventQueue-0] DEBUG ca.sqlpower.architect.swingui.TablePane  - Checking column id_accion_bursatil: INTEGER
479203 [AWT-EventQueue-0] DEBUG ca.sqlpower.architect.swingui.TablePane  - Checking column id_variacion_diaria: INTEGER
479203 [AWT-EventQueue-0] DEBUG ca.sqlpower.architect.swingui.TablePane  - Checking column id_registro_diario_accion: INTEGER
479203 [AWT-EventQueue-0] DEBUG ca.sqlpower.architect.swingui.TablePane  - Checking column variacion: FLOAT
479203 [AWT-EventQueue-0] DEBUG ca.sqlpower.architect.swingui.TablePane  - Checking column id_detalle_accion: INTEGER
479203 [AWT-EventQueue-0] DEBUG ca.sqlpower.architect.swingui.TablePane  - Checking column nombre_compania: VARCHAR(100)
479203 [AWT-EventQueue-0] DEBUG ca.sqlpower.architect.swingui.TablePane  - Checking column descripcion_compania: VARCHAR(100)
479203 [AWT-EventQueue-0] DEBUG ca.sqlpower.architect.swingui.TablePane  - Checking column fecha_revision: TIMESTAMP
479203 [AWT-EventQueue-0] DEBUG ca.sqlpower.architect.swingui.TablePane  - Checking column id_accion_bursatil: INTEGER
491265 [AWT-EventQueue-0] DEBUG ca.sqlpower.architect.swingui.TablePane  - Checking column id_accion_bursatil: INTEGER
491265 [AWT-EventQueue-0] DEBUG ca.sqlpower.architect.swingui.TablePane  - Checking column codigo_accion: VARCHAR(30)
491265 [AWT-EventQueue-0] DEBUG ca.sqlpower.architect.swingui.TablePane  - Checking column nombre_accion: VARCHAR(100)
491265 [AWT-EventQueue-0] DEBUG ca.sqlpower.architect.swingui.TablePane  - Checking column id_accion_bursatil: INTEGER
491265 [AWT-EventQueue-0] DEBUG ca.sqlpower.architect.swingui.TablePane  - Checking column id_categoria: INTEGER
491265 [AWT-EventQueue-0] DEBUG ca.sqlpower.architect.swingui.TablePane  - Checking column id_categoria: INTEGER
491265 [AWT-EventQueue-0] DEBUG ca.sqlpower.architect.swingui.TablePane  - Checking column nombre: VARCHAR(100)
491265 [AWT-EventQueue-0] DEBUG ca.sqlpower.architect.swingui.TablePane  - Checking column descripcion: VARCHAR(100)
491265 [AWT-EventQueue-0] DEBUG ca.sqlpower.architect.swingui.TablePane  - Checking column id_registro_diario_accion: INTEGER
491265 [AWT-EventQueue-0] DEBUG ca.sqlpower.architect.swingui.TablePane  - Checking column precio_apertura: FLOAT
491265 [AWT-EventQueue-0] DEBUG ca.sqlpower.architect.swingui.TablePane  - Checking column precio_cierre: FLOAT
491265 [AWT-EventQueue-0] DEBUG ca.sqlpower.architect.swingui.TablePane  - Checking column fecha: TIMESTAMP
491265 [AWT-EventQueue-0] DEBUG ca.sqlpower.architect.swingui.TablePane  - Checking column id_accion_bursatil: INTEGER
491265 [AWT-EventQueue-0] DEBUG ca.sqlpower.architect.swingui.TablePane  - Checking column id_variacion_diaria: INTEGER
491265 [AWT-EventQueue-0] DEBUG ca.sqlpower.architect.swingui.TablePane  - Checking column id_registro_diario_accion: INTEGER
491265 [AWT-EventQueue-0] DEBUG ca.sqlpower.architect.swingui.TablePane  - Checking column variacion: FLOAT
491265 [AWT-EventQueue-0] DEBUG ca.sqlpower.architect.swingui.TablePane  - Checking column id_detalle_accion: INTEGER
491265 [AWT-EventQueue-0] DEBUG ca.sqlpower.architect.swingui.TablePane  - Checking column nombre_compania: VARCHAR(100)
491265 [AWT-EventQueue-0] DEBUG ca.sqlpower.architect.swingui.TablePane  - Checking column descripcion_compania: VARCHAR(100)
491265 [AWT-EventQueue-0] DEBUG ca.sqlpower.architect.swingui.TablePane  - Checking column fecha_revision: TIMESTAMP
491265 [AWT-EventQueue-0] DEBUG ca.sqlpower.architect.swingui.TablePane  - Checking column id_accion_bursatil: INTEGER
572765 [AWT-EventQueue-0] DEBUG ca.sqlpower.architect.swingui.TablePane  - Checking column id_accion_bursatil: INTEGER
572765 [AWT-EventQueue-0] DEBUG ca.sqlpower.architect.swingui.TablePane  - Checking column codigo_accion: VARCHAR(30)
572765 [AWT-EventQueue-0] DEBUG ca.sqlpower.architect.swingui.TablePane  - Checking column nombre_accion: VARCHAR(100)
572765 [AWT-EventQueue-0] DEBUG ca.sqlpower.architect.swingui.TablePane  - Checking column id_accion_bursatil: INTEGER
572765 [AWT-EventQueue-0] DEBUG ca.sqlpower.architect.swingui.TablePane  - Checking column id_categoria: INTEGER
572765 [AWT-EventQueue-0] DEBUG ca.sqlpower.architect.swingui.TablePane  - Checking column id_categoria: INTEGER
572765 [AWT-EventQueue-0] DEBUG ca.sqlpower.architect.swingui.TablePane  - Checking column nombre: VARCHAR(100)
572765 [AWT-EventQueue-0] DEBUG ca.sqlpower.architect.swingui.TablePane  - Checking column descripcion: VARCHAR(100)
572765 [AWT-EventQueue-0] DEBUG ca.sqlpower.architect.swingui.TablePane  - Checking column id_registro_diario_accion: INTEGER
572765 [AWT-EventQueue-0] DEBUG ca.sqlpower.architect.swingui.TablePane  - Checking column precio_apertura: FLOAT
572765 [AWT-EventQueue-0] DEBUG ca.sqlpower.architect.swingui.TablePane  - Checking column precio_cierre: FLOAT
572765 [AWT-EventQueue-0] DEBUG ca.sqlpower.architect.swingui.TablePane  - Checking column fecha: TIMESTAMP
572765 [AWT-EventQueue-0] DEBUG ca.sqlpower.architect.swingui.TablePane  - Checking column id_accion_bursatil: INTEGER
572781 [AWT-EventQueue-0] DEBUG ca.sqlpower.architect.swingui.TablePane  - Checking column id_variacion_diaria: INTEGER
572781 [AWT-EventQueue-0] DEBUG ca.sqlpower.architect.swingui.TablePane  - Checking column id_registro_diario_accion: INTEGER
572781 [AWT-EventQueue-0] DEBUG ca.sqlpower.architect.swingui.TablePane  - Checking column variacion: FLOAT
572781 [AWT-EventQueue-0] DEBUG ca.sqlpower.architect.swingui.TablePane  - Checking column id_detalle_accion: INTEGER
572781 [AWT-EventQueue-0] DEBUG ca.sqlpower.architect.swingui.TablePane  - Checking column nombre_compania: VARCHAR(100)
572781 [AWT-EventQueue-0] DEBUG ca.sqlpower.architect.swingui.TablePane  - Checking column descripcion_compania: VARCHAR(100)
572781 [AWT-EventQueue-0] DEBUG ca.sqlpower.architect.swingui.TablePane  - Checking column fecha_revision: TIMESTAMP
572781 [AWT-EventQueue-0] DEBUG ca.sqlpower.architect.swingui.TablePane  - Checking column id_accion_bursatil: INTEGER
574484 [AWT-EventQueue-0] DEBUG ca.sqlpower.architect.swingui.TablePane  - Checking column id_accion_bursatil: INTEGER
574484 [AWT-EventQueue-0] DEBUG ca.sqlpower.architect.swingui.TablePane  - Checking column codigo_accion: VARCHAR(30)
574484 [AWT-EventQueue-0] DEBUG ca.sqlpower.architect.swingui.TablePane  - Checking column nombre_accion: VARCHAR(100)
574484 [AWT-EventQueue-0] DEBUG ca.sqlpower.architect.swingui.TablePane  - Checking column id_accion_bursatil: INTEGER
574484 [AWT-EventQueue-0] DEBUG ca.sqlpower.architect.swingui.TablePane  - Checking column id_categoria: INTEGER
574484 [AWT-EventQueue-0] DEBUG ca.sqlpower.architect.swingui.TablePane  - Checking column id_categoria: INTEGER
574484 [AWT-EventQueue-0] DEBUG ca.sqlpower.architect.swingui.TablePane  - Checking column nombre: VARCHAR(100)
574484 [AWT-EventQueue-0] DEBUG ca.sqlpower.architect.swingui.TablePane  - Checking column descripcion: VARCHAR(100)
574484 [AWT-EventQueue-0] DEBUG ca.sqlpower.architect.swingui.TablePane  - Checking column id_registro_diario_accion: INTEGER
574484 [AWT-EventQueue-0] DEBUG ca.sqlpower.architect.swingui.TablePane  - Checking column precio_apertura: FLOAT
574484 [AWT-EventQueue-0] DEBUG ca.sqlpower.architect.swingui.TablePane  - Checking column precio_cierre: FLOAT
574484 [AWT-EventQueue-0] DEBUG ca.sqlpower.architect.swingui.TablePane  - Checking column fecha: TIMESTAMP
574484 [AWT-EventQueue-0] DEBUG ca.sqlpower.architect.swingui.TablePane  - Checking column id_accion_bursatil: INTEGER
574484 [AWT-EventQueue-0] DEBUG ca.sqlpower.architect.swingui.TablePane  - Checking column id_variacion_diaria: INTEGER
574484 [AWT-EventQueue-0] DEBUG ca.sqlpower.architect.swingui.TablePane  - Checking column id_registro_diario_accion: INTEGER
574484 [AWT-EventQueue-0] DEBUG ca.sqlpower.architect.swingui.TablePane  - Checking column variacion: FLOAT
574484 [AWT-EventQueue-0] DEBUG ca.sqlpower.architect.swingui.TablePane  - Checking column id_detalle_accion: INTEGER
574484 [AWT-EventQueue-0] DEBUG ca.sqlpower.architect.swingui.TablePane  - Checking column nombre_compania: VARCHAR(100)
574484 [AWT-EventQueue-0] DEBUG ca.sqlpower.architect.swingui.TablePane  - Checking column descripcion_compania: VARCHAR(100)
574484 [AWT-EventQueue-0] DEBUG ca.sqlpower.architect.swingui.TablePane  - Checking column fecha_revision: TIMESTAMP
574500 [AWT-EventQueue-0] DEBUG ca.sqlpower.architect.swingui.TablePane  - Checking column id_accion_bursatil: INTEGER
584953 [AWT-EventQueue-0] DEBUG ca.sqlpower.architect.swingui.TablePane  - Checking column id_accion_bursatil: INTEGER
584953 [AWT-EventQueue-0] DEBUG ca.sqlpower.architect.swingui.TablePane  - Checking column codigo_accion: VARCHAR(30)
584953 [AWT-EventQueue-0] DEBUG ca.sqlpower.architect.swingui.TablePane  - Checking column nombre_accion: VARCHAR(100)
584953 [AWT-EventQueue-0] DEBUG ca.sqlpower.architect.swingui.TablePane  - Checking column id_accion_bursatil: INTEGER
584953 [AWT-EventQueue-0] DEBUG ca.sqlpower.architect.swingui.TablePane  - Checking column id_categoria: INTEGER
584953 [AWT-EventQueue-0] DEBUG ca.sqlpower.architect.swingui.TablePane  - Checking column id_categoria: INTEGER
584953 [AWT-EventQueue-0] DEBUG ca.sqlpower.architect.swingui.TablePane  - Checking column nombre: VARCHAR(100)
584953 [AWT-EventQueue-0] DEBUG ca.sqlpower.architect.swingui.TablePane  - Checking column descripcion: VARCHAR(100)
584953 [AWT-EventQueue-0] DEBUG ca.sqlpower.architect.swingui.TablePane  - Checking column id_registro_diario_accion: INTEGER
584953 [AWT-EventQueue-0] DEBUG ca.sqlpower.architect.swingui.TablePane  - Checking column precio_apertura: FLOAT
584953 [AWT-EventQueue-0] DEBUG ca.sqlpower.architect.swingui.TablePane  - Checking column precio_cierre: FLOAT
584953 [AWT-EventQueue-0] DEBUG ca.sqlpower.architect.swingui.TablePane  - Checking column fecha: TIMESTAMP
584968 [AWT-EventQueue-0] DEBUG ca.sqlpower.architect.swingui.TablePane  - Checking column id_accion_bursatil: INTEGER
584968 [AWT-EventQueue-0] DEBUG ca.sqlpower.architect.swingui.TablePane  - Checking column id_variacion_diaria: INTEGER
584968 [AWT-EventQueue-0] DEBUG ca.sqlpower.architect.swingui.TablePane  - Checking column id_registro_diario_accion: INTEGER
584968 [AWT-EventQueue-0] DEBUG ca.sqlpower.architect.swingui.TablePane  - Checking column variacion: FLOAT
584968 [AWT-EventQueue-0] DEBUG ca.sqlpower.architect.swingui.TablePane  - Checking column id_detalle_accion: INTEGER
584968 [AWT-EventQueue-0] DEBUG ca.sqlpower.architect.swingui.TablePane  - Checking column nombre_compania: VARCHAR(100)
584968 [AWT-EventQueue-0] DEBUG ca.sqlpower.architect.swingui.TablePane  - Checking column descripcion_compania: VARCHAR(100)
584968 [AWT-EventQueue-0] DEBUG ca.sqlpower.architect.swingui.TablePane  - Checking column fecha_revision: TIMESTAMP
584968 [AWT-EventQueue-0] DEBUG ca.sqlpower.architect.swingui.TablePane  - Checking column id_accion_bursatil: INTEGER
586437 [AWT-EventQueue-0] DEBUG ca.sqlpower.architect.swingui.TablePane  - Checking column id_accion_bursatil: INTEGER
586437 [AWT-EventQueue-0] DEBUG ca.sqlpower.architect.swingui.TablePane  - Checking column codigo_accion: VARCHAR(30)
586437 [AWT-EventQueue-0] DEBUG ca.sqlpower.architect.swingui.TablePane  - Checking column nombre_accion: VARCHAR(100)
586437 [AWT-EventQueue-0] DEBUG ca.sqlpower.architect.swingui.TablePane  - Checking column id_accion_bursatil: INTEGER
586437 [AWT-EventQueue-0] DEBUG ca.sqlpower.architect.swingui.TablePane  - Checking column id_categoria: INTEGER
586437 [AWT-EventQueue-0] DEBUG ca.sqlpower.architect.swingui.TablePane  - Checking column id_categoria: INTEGER
586437 [AWT-EventQueue-0] DEBUG ca.sqlpower.architect.swingui.TablePane  - Checking column nombre: VARCHAR(100)
586437 [AWT-EventQueue-0] DEBUG ca.sqlpower.architect.swingui.TablePane  - Checking column descripcion: VARCHAR(100)
586437 [AWT-EventQueue-0] DEBUG ca.sqlpower.architect.swingui.TablePane  - Checking column id_registro_diario_accion: INTEGER
586437 [AWT-EventQueue-0] DEBUG ca.sqlpower.architect.swingui.TablePane  - Checking column precio_apertura: FLOAT
586437 [AWT-EventQueue-0] DEBUG ca.sqlpower.architect.swingui.TablePane  - Checking column precio_cierre: FLOAT
586437 [AWT-EventQueue-0] DEBUG ca.sqlpower.architect.swingui.TablePane  - Checking column fecha: TIMESTAMP
586437 [AWT-EventQueue-0] DEBUG ca.sqlpower.architect.swingui.TablePane  - Checking column id_accion_bursatil: INTEGER
586437 [AWT-EventQueue-0] DEBUG ca.sqlpower.architect.swingui.TablePane  - Checking column id_variacion_diaria: INTEGER
586437 [AWT-EventQueue-0] DEBUG ca.sqlpower.architect.swingui.TablePane  - Checking column id_registro_diario_accion: INTEGER
586437 [AWT-EventQueue-0] DEBUG ca.sqlpower.architect.swingui.TablePane  - Checking column variacion: FLOAT
586437 [AWT-EventQueue-0] DEBUG ca.sqlpower.architect.swingui.TablePane  - Checking column id_detalle_accion: INTEGER
586437 [AWT-EventQueue-0] DEBUG ca.sqlpower.architect.swingui.TablePane  - Checking column nombre_compania: VARCHAR(100)
586437 [AWT-EventQueue-0] DEBUG ca.sqlpower.architect.swingui.TablePane  - Checking column descripcion_compania: VARCHAR(100)
586437 [AWT-EventQueue-0] DEBUG ca.sqlpower.architect.swingui.TablePane  - Checking column fecha_revision: TIMESTAMP
586437 [AWT-EventQueue-0] DEBUG ca.sqlpower.architect.swingui.TablePane  - Checking column id_accion_bursatil: INTEGER
77616047 [AWT-EventQueue-0] DEBUG ca.sqlpower.architect.swingui.TablePane  - Checking column id_accion_bursatil: INTEGER
77619297 [AWT-EventQueue-0] DEBUG ca.sqlpower.architect.swingui.TablePane  - Checking column codigo_accion: VARCHAR(30)
77619703 [AWT-EventQueue-0] DEBUG ca.sqlpower.architect.swingui.TablePane  - Checking column nombre_accion: VARCHAR(100)
77619906 [AWT-EventQueue-0] DEBUG ca.sqlpower.architect.swingui.TablePane  - Checking column id_accion_bursatil: INTEGER
77620515 [AWT-EventQueue-0] DEBUG ca.sqlpower.architect.swingui.TablePane  - Checking column id_categoria: INTEGER
77620640 [AWT-EventQueue-0] DEBUG ca.sqlpower.architect.swingui.TablePane  - Checking column id_categoria: INTEGER
77620906 [AWT-EventQueue-0] DEBUG ca.sqlpower.architect.swingui.TablePane  - Checking column nombre: VARCHAR(100)
77621234 [AWT-EventQueue-0] DEBUG ca.sqlpower.architect.swingui.TablePane  - Checking column descripcion: VARCHAR(100)
77621531 [AWT-EventQueue-0] DEBUG ca.sqlpower.architect.swingui.TablePane  - Checking column id_registro_diario_accion: INTEGER
77621765 [AWT-EventQueue-0] DEBUG ca.sqlpower.architect.swingui.TablePane  - Checking column precio_apertura: FLOAT
77622156 [AWT-EventQueue-0] DEBUG ca.sqlpower.architect.swingui.TablePane  - Checking column precio_cierre: FLOAT
77622375 [AWT-EventQueue-0] DEBUG ca.sqlpower.architect.swingui.TablePane  - Checking column fecha: TIMESTAMP
77622500 [AWT-EventQueue-0] DEBUG ca.sqlpower.architect.swingui.TablePane  - Checking column id_accion_bursatil: INTEGER
77622718 [AWT-EventQueue-0] DEBUG ca.sqlpower.architect.swingui.TablePane  - Checking column id_variacion_diaria: INTEGER
77622781 [AWT-EventQueue-0] DEBUG ca.sqlpower.architect.swingui.TablePane  - Checking column id_registro_diario_accion: INTEGER
77622781 [AWT-EventQueue-0] DEBUG ca.sqlpower.architect.swingui.TablePane  - Checking column variacion: FLOAT
77623172 [AWT-EventQueue-0] DEBUG ca.sqlpower.architect.swingui.TablePane  - Checking column id_detalle_accion: INTEGER
77623468 [AWT-EventQueue-0] DEBUG ca.sqlpower.architect.swingui.TablePane  - Checking column nombre_compania: VARCHAR(100)
77623562 [AWT-EventQueue-0] DEBUG ca.sqlpower.architect.swingui.TablePane  - Checking column descripcion_compania: VARCHAR(100)
77623625 [AWT-EventQueue-0] DEBUG ca.sqlpower.architect.swingui.TablePane  - Checking column fecha_revision: TIMESTAMP
77623656 [AWT-EventQueue-0] DEBUG ca.sqlpower.architect.swingui.TablePane  - Checking column id_accion_bursatil: INTEGER
77714109 [AWT-EventQueue-0] DEBUG ca.sqlpower.architect.swingui.TablePane  - Checking column id_accion_bursatil: INTEGER
77714172 [AWT-EventQueue-0] DEBUG ca.sqlpower.architect.swingui.TablePane  - Checking column codigo_accion: VARCHAR(30)
77714234 [AWT-EventQueue-0] DEBUG ca.sqlpower.architect.swingui.TablePane  - Checking column nombre_accion: VARCHAR(100)
77714422 [AWT-EventQueue-0] DEBUG ca.sqlpower.architect.swingui.TablePane  - Checking column id_accion_bursatil: INTEGER
77714453 [AWT-EventQueue-0] DEBUG ca.sqlpower.architect.swingui.TablePane  - Checking column id_categoria: INTEGER
77714468 [AWT-EventQueue-0] DEBUG ca.sqlpower.architect.swingui.TablePane  - Checking column id_categoria: INTEGER
77714531 [AWT-EventQueue-0] DEBUG ca.sqlpower.architect.swingui.TablePane  - Checking column nombre: VARCHAR(100)
77714640 [AWT-EventQueue-0] DEBUG ca.sqlpower.architect.swingui.TablePane  - Checking column descripcion: VARCHAR(100)
77714703 [AWT-EventQueue-0] DEBUG ca.sqlpower.architect.swingui.TablePane  - Checking column id_registro_diario_accion: INTEGER
77714703 [AWT-EventQueue-0] DEBUG ca.sqlpower.architect.swingui.TablePane  - Checking column precio_apertura: FLOAT
77714843 [AWT-EventQueue-0] DEBUG ca.sqlpower.architect.swingui.TablePane  - Checking column precio_cierre: FLOAT
77714968 [AWT-EventQueue-0] DEBUG ca.sqlpower.architect.swingui.TablePane  - Checking column fecha: TIMESTAMP
77715062 [AWT-EventQueue-0] DEBUG ca.sqlpower.architect.swingui.TablePane  - Checking column id_accion_bursatil: INTEGER
77715078 [AWT-EventQueue-0] DEBUG ca.sqlpower.architect.swingui.TablePane  - Checking column id_variacion_diaria: INTEGER
77715312 [AWT-EventQueue-0] DEBUG ca.sqlpower.architect.swingui.TablePane  - Checking column id_registro_diario_accion: INTEGER
77715422 [AWT-EventQueue-0] DEBUG ca.sqlpower.architect.swingui.TablePane  - Checking column variacion: FLOAT
77715500 [AWT-EventQueue-0] DEBUG ca.sqlpower.architect.swingui.TablePane  - Checking column id_detalle_accion: INTEGER
77715672 [AWT-EventQueue-0] DEBUG ca.sqlpower.architect.swingui.TablePane  - Checking column nombre_compania: VARCHAR(100)
77715781 [AWT-EventQueue-0] DEBUG ca.sqlpower.architect.swingui.TablePane  - Checking column descripcion_compania: VARCHAR(100)
77715968 [AWT-EventQueue-0] DEBUG ca.sqlpower.architect.swingui.TablePane  - Checking column fecha_revision: TIMESTAMP
77716297 [AWT-EventQueue-0] DEBUG ca.sqlpower.architect.swingui.TablePane  - Checking column id_accion_bursatil: INTEGER
